Log file open, 01/28/21 00:37:57
LogWindows: Failed to load 'aqProf.dll' (GetLastError=126)
LogWindows: File 'aqProf.dll' does not exist
LogWindows: Failed to load 'VSPerf140.dll' (GetLastError=126)
LogWindows: File 'VSPerf140.dll' does not exist
LogWindows: Failed to load 'VtuneApi.dll' (GetLastError=126)
LogWindows: File 'VtuneApi.dll' does not exist
LogWindows: Failed to load 'VtuneApi32e.dll' (GetLastError=126)
LogWindows: File 'VtuneApi32e.dll' does not exist
LogInit: Display: Running engine for game: P2OlimpiaRopek
LogPlatformFile: Not using cached read wrapper
LogTaskGraph: Started task graph with 5 named threads and 47 total threads with 3 sets of task threads.
LogStats: Stats thread started at 0.547126
LogD3D11RHI: Loaded GFSDK_Aftermath_Lib.x64.dll
LogICUInternationalization: Display: ICU TimeZone Detection - Raw Offset: +1:00, Platform Override: ''
LogPluginManager: Mounting plugin Paper2D
LogPluginManager: Mounting plugin AISupport
LogPluginManager: Mounting plugin LightPropagationVolume
LogPluginManager: Mounting plugin CLionSourceCodeAccess
LogPluginManager: Mounting plugin CodeLiteSourceCodeAccess
LogPluginManager: Mounting plugin GitSourceControl
LogPluginManager: Mounting plugin KDevelopSourceCodeAccess
LogPluginManager: Mounting plugin NullSourceCodeAccess
LogPluginManager: Mounting plugin PerforceSourceControl
LogPluginManager: Mounting plugin SubversionSourceControl
LogPluginManager: Mounting plugin UObjectPlugin
LogPluginManager: Mounting plugin VisualStudioCodeSourceCodeAccess
LogPluginManager: Mounting plugin VisualStudioSourceCodeAccess
LogPluginManager: Mounting plugin XCodeSourceCodeAccess
LogPluginManager: Mounting plugin AssetManagerEditor
LogPluginManager: Mounting plugin CryptoKeys
LogPluginManager: Mounting plugin DataValidation
LogPluginManager: Mounting plugin FacialAnimation
LogPluginManager: Mounting plugin GameplayTagsEditor
LogPluginManager: Mounting plugin MacGraphicsSwitching
LogPluginManager: Mounting plugin MeshEditor
LogPluginManager: Mounting plugin MobileLauncherProfileWizard
LogPluginManager: Mounting plugin PluginBrowser
LogPluginManager: Mounting plugin SpeedTreeImporter
LogPluginManager: Mounting plugin DatasmithContent
LogPluginManager: Mounting plugin AlembicImporter
LogPluginManager: Mounting plugin AppleImageUtils
LogPluginManager: Mounting plugin AppleVision
LogPluginManager: Mounting plugin BackChannel
LogPluginManager: Mounting plugin CharacterAI
LogPluginManager: Mounting plugin GeometryCache
LogPluginManager: Mounting plugin HTML5Networking
LogPluginManager: Mounting plugin ProxyLODPlugin
LogPluginManager: Mounting plugin MagicLeap
LogPluginManager: Mounting plugin MagicLeapEmulator
LogPluginManager: Mounting plugin MagicLeapMedia
LogPluginManager: Mounting plugin AndroidMedia
LogPluginManager: Mounting plugin AvfMedia
LogPluginManager: Mounting plugin ImgMedia
LogPluginManager: Mounting plugin LinearTimecode
LogPluginManager: Mounting plugin MediaCompositing
LogPluginManager: Mounting plugin MediaPlayerEditor
LogPluginManager: Mounting plugin WmfMedia
LogPluginManager: Mounting plugin TcpMessaging
LogPluginManager: Mounting plugin UdpMessaging
LogPluginManager: Mounting plugin ActorSequence
LogPluginManager: Mounting plugin LevelSequenceEditor
LogPluginManager: Mounting plugin MatineeToLevelSequence
LogPluginManager: Mounting plugin NetcodeUnitTest
LogPluginManager: Mounting plugin NUTUnrealEngine4
LogPluginManager: Mounting plugin OnlineSubsystemGooglePlay
LogPluginManager: Mounting plugin OnlineSubsystemIOS
LogPluginManager: Mounting plugin OnlineSubsystem
LogPluginManager: Mounting plugin OnlineSubsystemNull
LogPluginManager: Mounting plugin OnlineSubsystemUtils
LogPluginManager: Mounting plugin LauncherChunkInstaller
LogPluginManager: Mounting plugin AndroidDeviceProfileSelector
LogPluginManager: Mounting plugin AndroidMoviePlayer
LogPluginManager: Mounting plugin AndroidPermission
LogPluginManager: Mounting plugin AppleMoviePlayer
LogPluginManager: Mounting plugin ArchVisCharacter
LogPluginManager: Mounting plugin AudioCapture
LogPluginManager: Mounting plugin CableComponent
LogPluginManager: Mounting plugin CustomMeshComponent
LogPluginManager: Mounting plugin EditableMesh
LogPluginManager: Mounting plugin ExampleDeviceProfileSelector
LogPluginManager: Mounting plugin GoogleCloudMessaging
LogPluginManager: Mounting plugin ImmediatePhysics
LogPluginManager: Mounting plugin IOSDeviceProfileSelector
LogPluginManager: Mounting plugin LinuxDeviceProfileSelector
LogPluginManager: Mounting plugin LocationServicesBPLibrary
LogPluginManager: Mounting plugin MobilePatchingUtils
LogPluginManager: Mounting plugin OculusVR
LogPluginManager: Plugin shader directory ../../../Engine/Plugins/Runtime/Oculus/OculusVR/Shaders found
LogPluginManager: Mapping shader source directory ../../../Engine/Plugins/Runtime/Oculus/OculusVR/Shaders to virtual directory /Plugin/OculusVR
LogPluginManager: Mounting plugin PhysXVehicles
LogPluginManager: Mounting plugin ProceduralMeshComponent
LogPluginManager: Mounting plugin RuntimePhysXCooking
LogPluginManager: Mounting plugin SteamVR
LogPluginManager: Mounting plugin WindowsMoviePlayer
LogStreaming: Display: Took  0.096s to configure plugins.
LogInit: Using libcurl 7.55.1-DEV
LogInit:  - built for x86_64-pc-win32
LogInit:  - supports SSL with OpenSSL/1.0.2h
LogInit:  - supports HTTP deflate (compression) using libz 1.2.8
LogInit:  - other features:
LogInit:      CURL_VERSION_SSL
LogInit:      CURL_VERSION_LIBZ
LogInit:      CURL_VERSION_IPV6
LogInit:      CURL_VERSION_ASYNCHDNS
LogInit:      CURL_VERSION_LARGEFILE
LogInit:      CURL_VERSION_IDN
LogInit:  CurlRequestOptions (configurable via config and command line):
LogInit:  - bVerifyPeer = false  - Libcurl will NOT verify peer certificate
LogInit:  - bUseHttpProxy = false  - Libcurl will NOT use HTTP proxy
LogInit:  - bDontReuseConnections = false  - Libcurl will reuse connections
LogInit:  - CertBundlePath = nullptr  - Libcurl will use whatever was configured at build time.
LogInit:  - MaxHostConnections = 16  - Libcurl will limit the number of connections to a host
LogInit:  - LocalHostAddr = Default
LogInit:  - BufferSize = 65536
LogInit: WinSock: version 1.1 (2.2), MaxSocks=32767, MaxUdp=65467
LogInit: Build: ++UE4+Release-4.20-CL-4369336
LogInit: Engine Version: 4.20.3-4369336+++UE4+Release-4.20
LogInit: Compatible Engine Version: 4.20.0-4212847+++UE4+Release-4.20
LogInit: Net CL: 4212847
LogInit: OS: Windows 10 (), CPU: AMD Ryzen 7 2700 Eight-Core Processor          , GPU: NVIDIA GeForce GTX 1060 6GB
LogInit: Compiled (64-bit): Sep 17 2018 12:26:19
LogInit: Compiled with Visual C++: 19.13.26129.00
LogInit: Build Configuration: Development
LogInit: Branch Name: ++UE4+Release-4.20
LogInit: Command Line: -EpicPortal  -epicusername="0limpai" -epicuserid=3422f78adb76454da8915c2524289199 -epiclocale=pl
LogInit: Base Directory: D:/Program Files/Epic Games/UE_4.20/Engine/Binaries/Win64/
LogInit: Installed Engine Build: 1
LogDevObjectVersion: Number of dev versions registered: 20
LogDevObjectVersion:   Dev-Blueprints (B0D832E4-1F89-4F0D-ACCF-7EB736FD4AA2): 10
LogDevObjectVersion:   Dev-Build (E1C64328-A22C-4D53-A36C-8E866417BD8C): 0
LogDevObjectVersion:   Dev-Core (375EC13C-06E4-48FB-B500-84F0262A717E): 2
LogDevObjectVersion:   Dev-Editor (E4B068ED-F494-42E9-A231-DA0B2E46BB41): 24
LogDevObjectVersion:   Dev-Framework (CFFC743F-43B0-4480-9391-14DF171D2073): 34
LogDevObjectVersion:   Dev-Mobile (B02B49B5-BB20-44E9-A304-32B752E40360): 2
LogDevObjectVersion:   Dev-Networking (A4E4105C-59A1-49B5-A7C5-40C4547EDFEE): 0
LogDevObjectVersion:   Dev-Online (39C831C9-5AE6-47DC-9A44-9C173E1C8E7C): 0
LogDevObjectVersion:   Dev-Physics (78F01B33-EBEA-4F98-B9B4-84EACCB95AA2): 0
LogDevObjectVersion:   Dev-Platform (6631380F-2D4D-43E0-8009-CF276956A95A): 0
LogDevObjectVersion:   Dev-Rendering (12F88B9F-8875-4AFC-A67C-D90C383ABD29): 26
LogDevObjectVersion:   Dev-Sequencer (7B5AE74C-D270-4C10-A958-57980B212A5A): 9
LogDevObjectVersion:   Dev-VR (D7296918-1DD6-4BDD-9DE2-64A83CC13884): 2
LogDevObjectVersion:   Dev-LoadTimes (C2A15278-BFE7-4AFE-6C17-90FF531DF755): 1
LogDevObjectVersion:   Private-Geometry (6EACA3D4-40EC-4CC1-B786-8BED09428FC5): 3
LogDevObjectVersion:   Dev-AnimPhys (29E575DD-E0A3-4627-9D10-D276232CDCEA): 17
LogDevObjectVersion:   Dev-ReflectionCapture (6B266CEC-1EC7-4B8F-A30B-E4D90942FC07): 1
LogDevObjectVersion:   Dev-Automation (0DF73D61-A23F-47EA-B727-89E90C41499A): 1
LogDevObjectVersion:   FortniteMain (601D1886-AC64-4F84-AA16-D3DE0DEAC7D6): 12
LogDevObjectVersion:   Dev-Enterprise (9DFFBCD6-494F-0158-E221-12823C92A888): 1
LogStreaming: Display: Took  0.000s to delete old logs.
LogInit: Presizing for max 8388607 objects, including 0 objects not considered by GC, pre-allocating 0 bytes for permanent pool.
LogInit: Object subsystem initialized
[2021.01.27-23.37.57:710][  0]LogInit: Selected Device Profile: [Windows]
[2021.01.27-23.37.57:710][  0]LogInit: Applying CVar settings loaded from the selected device profile: [Windows]
[2021.01.27-23.37.57:720][  0]LogHAL: Display: Platform has ~ 16 GB [17128230912 / 17179869184 / 16], which maps to Larger [LargestMinGB=32, LargerMinGB=12, DefaultMinGB=8, SmallerMinGB=6, SmallestMinGB=0)
[2021.01.27-23.37.57:720][  0]LogInit: Setting Device Profile CVar: [[r.Vulkan.UseRealUBs:1]]
[2021.01.27-23.37.57:720][  0]LogInit: Going up to parent DeviceProfile []
[2021.01.27-23.37.57:721][  0]LogInit: Computer: DESKTOP-K8UO9K4
[2021.01.27-23.37.57:721][  0]LogInit: User: Karkówka
[2021.01.27-23.37.57:721][  0]LogInit: CPU Page size=4096, Cores=8
[2021.01.27-23.37.57:721][  0]LogInit: High frequency timer resolution =10.000000 MHz
[2021.01.27-23.37.57:721][  0]LogMemory: Memory total: Physical=16.0GB (16GB approx)
[2021.01.27-23.37.57:721][  0]LogMemory: Platform Memory Stats for Windows
[2021.01.27-23.37.57:721][  0]LogMemory: Process Physical Memory: 101.40 MB used, 101.40 MB peak
[2021.01.27-23.37.57:721][  0]LogMemory: Process Virtual Memory: 92.66 MB used, 92.66 MB peak
[2021.01.27-23.37.57:721][  0]LogMemory: Physical Memory: 7562.36 MB used,  8772.39 MB free, 16334.75 MB total
[2021.01.27-23.37.57:721][  0]LogMemory: Virtual Memory: 4663.23 MB used,  8772.39 MB free, 134217728.00 MB total
[2021.01.27-23.37.57:755][  0]LogInit: Using OS detected language (pl-PL).
[2021.01.27-23.37.57:755][  0]LogInit: Using OS detected locale (pl-PL).
[2021.01.27-23.37.57:755][  0]LogTextLocalizationManager: No specific localization for 'pl-PL' exists, so the 'pl' localization will be used.
[2021.01.27-23.37.57:757][  0]LogStreaming: Display: Took  0.002s to InitEngineTextLocalization.
[2021.01.27-23.37.57:757][  0]LogInit: Setting process to per monitor DPI aware
[2021.01.27-23.37.57:798][  0]LogSlate: New Slate User Created.  User Index 0, Is Virtual User: 0
[2021.01.27-23.37.57:798][  0]LogSlate: Slate User Registered.  User Index 0, Is Virtual User: 0
[2021.01.27-23.37.58:044][  0]LogHMD: Failed to initialize OpenVR with code 110
[2021.01.27-23.37.58:044][  0]LogD3D11RHI: D3D11 adapters:
[2021.01.27-23.37.58:141][  0]LogD3D11RHI:    0. 'NVIDIA GeForce GTX 1060 6GB' (Feature Level 11_0)
[2021.01.27-23.37.58:141][  0]LogD3D11RHI:       6052/0/8167 MB DedicatedVideo/DedicatedSystem/SharedSystem, Outputs:2, VendorId:0x10de
[2021.01.27-23.37.58:143][  0]LogD3D11RHI:    1. 'Microsoft Basic Render Driver' (Feature Level 11_0)
[2021.01.27-23.37.58:143][  0]LogD3D11RHI:       0/0/8167 MB DedicatedVideo/DedicatedSystem/SharedSystem, Outputs:0, VendorId:0x1414
[2021.01.27-23.37.58:143][  0]LogD3D11RHI: Chosen D3D11 Adapter: 0
[2021.01.27-23.37.58:152][  0]LogD3D11RHI: Creating new Direct3DDevice
[2021.01.27-23.37.58:152][  0]LogD3D11RHI:     GPU DeviceId: 0x1c03 (for the marketing name, search the web for "GPU Device Id")
[2021.01.27-23.37.58:152][  0]LogWindows: EnumDisplayDevices:
[2021.01.27-23.37.58:152][  0]LogWindows:    0. 'NVIDIA GeForce GTX 1060 6GB' (P:1 D:1)
[2021.01.27-23.37.58:152][  0]LogWindows:    1. 'NVIDIA GeForce GTX 1060 6GB' (P:0 D:1)
[2021.01.27-23.37.58:152][  0]LogWindows:    2. 'NVIDIA GeForce GTX 1060 6GB' (P:0 D:0)
[2021.01.27-23.37.58:153][  0]LogWindows:    3. 'NVIDIA GeForce GTX 1060 6GB' (P:0 D:0)
[2021.01.27-23.37.58:153][  0]LogWindows: DebugString: FoundDriverCount:4 
[2021.01.27-23.37.58:153][  0]LogD3D11RHI:     Adapter Name: NVIDIA GeForce GTX 1060 6GB
[2021.01.27-23.37.58:153][  0]LogD3D11RHI:   Driver Version: 457.51 (internal:27.21.14.5751, unified:457.51)
[2021.01.27-23.37.58:153][  0]LogD3D11RHI:      Driver Date: 11-22-2020
[2021.01.27-23.37.58:153][  0]LogRHI: Texture pool is 4236 MB (70% of 6052 MB)
[2021.01.27-23.37.58:214][  0]LogD3D11RHI: Async texture creation enabled
[2021.01.27-23.37.58:236][  0]LogD3D11RHI: GPU Timing Frequency: 1000.000000 (Debug: 2 1)
[2021.01.27-23.37.58:241][  0]LogShaderCompilers: Guid format shader working directory is -34 characters bigger than the processId version (../../../../../../Użytkownicy/Żeberka/!V rok/silniki gierr/Projekt _2/P2OlimpiaRopek/Intermediate/Shaders/WorkingDirectory/292/).
[2021.01.27-23.37.58:241][  0]LogShaderCompilers: Cleaned the shader compiler working directory 'C:/Users/Karkówka/AppData/Local/Temp/UnrealShaderWorkingDir/9E910DF64E79C7B8BBFDDAB54781A174/'.
[2021.01.27-23.37.58:516][  0]LogTemp: Display: Loaded TP AllDesktopTargetPlatform
[2021.01.27-23.37.58:532][  0]LogTemp: Display: Loaded TP MacClientTargetPlatform
[2021.01.27-23.37.58:548][  0]LogTemp: Display: Loaded TP MacNoEditorTargetPlatform
[2021.01.27-23.37.58:564][  0]LogTemp: Display: Loaded TP MacServerTargetPlatform
[2021.01.27-23.37.58:581][  0]LogTemp: Display: Loaded TP MacTargetPlatform
[2021.01.27-23.37.58:597][  0]LogTemp: Display: Loaded TP WindowsClientTargetPlatform
[2021.01.27-23.37.58:613][  0]LogTemp: Display: Loaded TP WindowsNoEditorTargetPlatform
[2021.01.27-23.37.58:630][  0]LogTemp: Display: Loaded TP WindowsServerTargetPlatform
[2021.01.27-23.37.58:637][  0]LogTemp: Display: Loaded TP WindowsTargetPlatform
[2021.01.27-23.37.58:742][  0]LogTemp: Display: Loaded TP AndroidTargetPlatform
[2021.01.27-23.37.58:742][  0]LogTemp: Display: Loaded TP AndroidTargetPlatform
[2021.01.27-23.37.58:742][  0]LogTemp: Display: Loaded TP AndroidTargetPlatform
[2021.01.27-23.37.58:742][  0]LogTemp: Display: Loaded TP AndroidTargetPlatform
[2021.01.27-23.37.58:742][  0]LogTemp: Display: Loaded TP AndroidTargetPlatform
[2021.01.27-23.37.58:742][  0]LogTemp: Display: Loaded TP AndroidTargetPlatform
[2021.01.27-23.37.58:742][  0]LogTemp: Display: Loaded TP AndroidTargetPlatform
[2021.01.27-23.37.58:742][  0]LogTemp: Display: Loaded TP AndroidTargetPlatform
[2021.01.27-23.37.58:742][  0]LogTemp: Display: Loaded TP AndroidTargetPlatform
[2021.01.27-23.37.58:742][  0]LogTemp: Display: Loaded TP AndroidTargetPlatform
[2021.01.27-23.37.58:742][  0]LogTemp: Display: Loaded TP AndroidTargetPlatform
[2021.01.27-23.37.58:742][  0]LogTemp: Display: Loaded TP AndroidTargetPlatform
[2021.01.27-23.37.58:742][  0]LogTemp: Display: Loaded TP AndroidTargetPlatform
[2021.01.27-23.37.58:742][  0]LogTemp: Display: Loaded TP AndroidTargetPlatform
[2021.01.27-23.37.58:742][  0]LogTemp: Display: Loaded TP AndroidTargetPlatform
[2021.01.27-23.37.58:742][  0]LogTemp: Display: Loaded TP AndroidTargetPlatform
[2021.01.27-23.37.58:742][  0]LogTemp: Display: Loaded TP AndroidTargetPlatform
[2021.01.27-23.37.58:742][  0]LogTemp: Display: Loaded TP AndroidTargetPlatform
[2021.01.27-23.37.58:744][  0]LogTemp: Display: Loaded TP HTML5TargetPlatform
[2021.01.27-23.37.58:813][  0]LogTemp: Display: Loaded TP IOSTargetPlatform
[2021.01.27-23.37.58:813][  0]LogTemp: Display: Loaded TP IOSTargetPlatform
[2021.01.27-23.37.58:843][  0]LogTemp: Display: Loaded TP TVOSTargetPlatform
[2021.01.27-23.37.58:843][  0]LogTemp: Display: Loaded TP TVOSTargetPlatform
[2021.01.27-23.37.58:859][  0]LogTemp: Display: Loaded TP LinuxClientTargetPlatform
[2021.01.27-23.37.58:875][  0]LogTemp: Display: Loaded TP LinuxNoEditorTargetPlatform
[2021.01.27-23.37.58:892][  0]LogTemp: Display: Loaded TP LinuxServerTargetPlatform
[2021.01.27-23.37.58:910][  0]LogTemp: Display: Loaded TP LinuxTargetPlatform
[2021.01.27-23.37.58:922][  0]LogTemp: Display: Loaded TP LuminTargetPlatform
[2021.01.27-23.37.58:922][  0]LogTargetPlatformManager: Display: Building Assets For Windows
[2021.01.27-23.37.58:973][  0]LogXGEController: Cannot use XGE Controller as Incredibuild is not installed on this machine.
[2021.01.27-23.37.58:973][  0]LogShaderCompilers: Cannot use XGE Shader Compiler as Incredibuild is not installed on this machine.
[2021.01.27-23.37.58:973][  0]LogShaderCompilers: Display: Using Local Shader Compiler.
[2021.01.27-23.37.59:813][  0]LogDerivedDataCache: Display: Max Cache Size: 512 MB
[2021.01.27-23.37.59:870][  0]LogDerivedDataCache: Loaded boot cache 0.06s 71MB C:/Users/Karkówka/AppData/Local/UnrealEngine/4.20/DerivedDataCache/Boot.ddc.
[2021.01.27-23.37.59:870][  0]LogDerivedDataCache: Display: Loaded Boot cache: C:/Users/Karkówka/AppData/Local/UnrealEngine/4.20/DerivedDataCache/Boot.ddc
[2021.01.27-23.37.59:870][  0]LogDerivedDataCache: FDerivedDataBackendGraph:  Pak pak cache file ../../../../../../Użytkownicy/Żeberka/!V rok/silniki gierr/Projekt _2/P2OlimpiaRopek/DerivedDataCache/DDC.ddp not found, will not use a pak cache.
[2021.01.27-23.37.59:870][  0]LogDerivedDataCache: Unable to find inner node Pak for hierarchical cache Hierarchy.
[2021.01.27-23.37.59:870][  0]LogDerivedDataCache: FDerivedDataBackendGraph:  CompressedPak pak cache file ../../../../../../Użytkownicy/Żeberka/!V rok/silniki gierr/Projekt _2/P2OlimpiaRopek/DerivedDataCache/Compressed.ddp not found, will not use a pak cache.
[2021.01.27-23.37.59:870][  0]LogDerivedDataCache: Unable to find inner node CompressedPak for hierarchical cache Hierarchy.
[2021.01.27-23.37.59:889][  0]LogDerivedDataCache: Display: Pak cache opened for reading ../../../Engine/DerivedDataCache/Compressed.ddp.
[2021.01.27-23.37.59:902][  0]LogDerivedDataCache: Using Local data cache path C:/Users/Karkówka/AppData/Local/UnrealEngine/Common/DerivedDataCache: Writable
[2021.01.27-23.37.59:902][  0]LogDerivedDataCache: Shared data cache path not found in *engine.ini, will not use an Shared cache.
[2021.01.27-23.37.59:902][  0]LogDerivedDataCache: Unable to find inner node Shared for hierarchical cache Hierarchy.
[2021.01.27-23.37.59:923][  0]LogMaterial: Verifying Global Shaders for PCD3D_SM5
[2021.01.27-23.37.59:925][  0]LogSlate: Using FreeType 2.6.0
[2021.01.27-23.37.59:926][  0]LogSlate: SlateFontServices - WITH_FREETYPE: 1, WITH_HARFBUZZ: 1
[2021.01.27-23.38.00:006][  0]LogAssetRegistry: FAssetRegistry took 0.0273 seconds to start up
[2021.01.27-23.38.00:372][  0]LogInit: Selected Device Profile: [Windows]
[2021.01.27-23.38.00:497][  0]LogSimplygon: Simplygon DLL not present - disabling.
[2021.01.27-23.38.00:499][  0]LogMeshReduction: Using SimplygonSwarm for distributed automatic mesh merging
[2021.01.27-23.38.00:499][  0]LogMeshReduction: Using ProxyLODMeshReduction for automatic mesh merging
[2021.01.27-23.38.00:499][  0]LogMeshReduction: Using QuadricMeshReduction for automatic static mesh reduction
[2021.01.27-23.38.00:499][  0]LogMeshReduction: No automatic skeletal mesh reduction module available
[2021.01.27-23.38.00:515][  0]LogNetVersion: P2OlimpiaRopek 1.0.0, NetCL: 4212847, EngineNetVer: 5, GameNetVer: 0 (Checksum: 342105623)
[2021.01.27-23.38.01:001][  0]LogPackageLocalizationCache: Processed 11 localized package path(s) for 2 prioritized culture(s) in 0.091560 seconds
[2021.01.27-23.38.01:008][  0]LogUObjectArray: 38425 objects as part of root set at end of initial load.
[2021.01.27-23.38.01:009][  0]LogUObjectAllocator: 6690872 out of 0 bytes used by permanent object pool.
[2021.01.27-23.38.01:009][  0]LogUObjectArray: CloseDisregardForGC: 0/0 objects in disregard for GC pool
[2021.01.27-23.38.01:860][  0]LogTcpMessaging: Initializing TcpMessaging bridge
[2021.01.27-23.38.01:874][  0]LogUdpMessaging: Initializing bridge on interface 0.0.0.0:0 to multicast group 230.0.0.1:6666.
[2021.01.27-23.38.02:015][  0]SourceControl: Source control is disabled
[2021.01.27-23.38.02:015][  0]SourceControl: Source control is disabled
[2021.01.27-23.38.02:016][  0]SourceControl: Source control is disabled
[2021.01.27-23.38.02:016][  0]SourceControl: Source control is disabled
[2021.01.27-23.38.02:180][  0]LogAndroidPermission: UAndroidPermissionCallbackProxy::GetInstance
[2021.01.27-23.38.02:284][  0]LogOcInput: OculusInput pre-init called
[2021.01.27-23.38.02:343][  0]LogEngine: Initializing Engine...
[2021.01.27-23.38.02:344][  0]LogHMD: Failed to initialize OpenVR with code 110
[2021.01.27-23.38.02:345][  0]LogStats: UGameplayTagsManager::ConstructGameplayTagTree: ImportINI prefixes -  0.000 s
[2021.01.27-23.38.02:346][  0]LogStats: UGameplayTagsManager::ConstructGameplayTagTree: Construct from data asset -  0.000 s
[2021.01.27-23.38.02:346][  0]LogStats: UGameplayTagsManager::ConstructGameplayTagTree: ImportINI -  0.000 s
[2021.01.27-23.38.02:346][  0]LogStats: UGameplayTagsManager::ConstructGameplayTagTree: GameplayTagTreeChangedEvent.Broadcast -  0.000 s
[2021.01.27-23.38.02:538][  0]LogInit: Initializing FReadOnlyCVARCache
[2021.01.27-23.38.02:548][  0]LogAIModule: Creating AISystem for world Untitled
[2021.01.27-23.38.02:593][  0]LogInit: XAudio2 using 'Zestaw słuchawkowy (Arctis 5 Chat)' : 2 channels at 48 kHz using 16 bits per sample (channel mask 0x3)
[2021.01.27-23.38.02:626][  0]LogInit: FAudioDevice initialized.
[2021.01.27-23.38.02:626][  0]LogNetVersion: Set ProjectVersion to 1.0.0.0. Version Checksum will be recalculated on next use.
[2021.01.27-23.38.02:683][  0]LogDerivedDataCache: Saved boot cache 0.06s 71MB C:/Users/Karkówka/AppData/Local/UnrealEngine/4.20/DerivedDataCache/Boot.ddc.
[2021.01.27-23.38.02:687][  0]LogInit: Texture streaming: Enabled
[2021.01.27-23.38.02:702][  0]LogEngineSessionManager: EngineSessionManager initialized
[2021.01.27-23.38.02:714][  0]LogInit: Transaction tracking system initialized
[2021.01.27-23.38.02:730][  0]BlueprintLog: New page: Editor Load
[2021.01.27-23.38.02:785][  0]LocalizationService: Localization service is disabled
[2021.01.27-23.38.03:026][  0]LogCook: Display: Max memory allowance for cook 16384mb min free memory 0mb
[2021.01.27-23.38.03:026][  0]LogCook: Display: Mobile HDR setting 1
[2021.01.27-23.38.03:026][  0]LogGameplayTags: Display: UGameplayTagsManager::DoneAddingNativeTags. DelegateIsBound: 0
[2021.01.27-23.38.03:026][  0]LogStats: UGameplayTagsManager::ConstructGameplayTagTree: ImportINI prefixes -  0.000 s
[2021.01.27-23.38.03:026][  0]LogStats: UGameplayTagsManager::ConstructGameplayTagTree: Construct from data asset -  0.000 s
[2021.01.27-23.38.03:026][  0]LogStats: UGameplayTagsManager::ConstructGameplayTagTree: ImportINI -  0.000 s
[2021.01.27-23.38.03:027][  0]LogStats: UGameplayTagsManager::ConstructGameplayTagTree: GameplayTagTreeChangedEvent.Broadcast -  0.000 s
[2021.01.27-23.38.03:144][  0]LogFileCache: Scanning file cache for directory 'D:/Użytkownicy/Żeberka/!V rok/silniki gierr/Projekt _2/P2OlimpiaRopek/Content/' took 0.01s
[2021.01.27-23.38.03:144][  0]SourceControl: Source control is disabled
[2021.01.27-23.38.03:252][  0]LogSlate: Took 0.000231 seconds to synchronously load lazily loaded font '../../../Engine/Content/Slate/Fonts/Roboto-Regular.ttf' (155K)
[2021.01.27-23.38.07:903][  0]LogSlate: Window 'Restore Packages' being destroyed
[2021.01.27-23.38.07:903][  0]LogWindowsTextInputMethodSystem: Display: IME system now deactivated.
[2021.01.27-23.38.07:906][  0]LogWindowsTextInputMethodSystem: Display: IME system now deactivated.
[2021.01.27-23.38.13:800][  0]LogSlate: Window 'Unable to Check Out From Source Control!' being destroyed
[2021.01.27-23.38.13:800][  0]LogWindowsTextInputMethodSystem: Display: IME system now deactivated.
[2021.01.27-23.38.13:802][  0]LogWindowsTextInputMethodSystem: Display: IME system now deactivated.
[2021.01.27-23.38.13:828][  0]Cmd: MAP LOAD FILE="../../../../../../Użytkownicy/Żeberka/!V rok/silniki gierr/Projekt _2/P2OlimpiaRopek/Content/Levels/MainLevel.umap" TEMPLATE=0 SHOWPROGRESS=1 FEATURELEVEL=3
[2021.01.27-23.38.13:828][  0]LightingResults: New page: Lighting Build
[2021.01.27-23.38.13:830][  0]MapCheck: New page: Map Check
[2021.01.27-23.38.13:830][  0]LightingResults: New page: Lighting Build
[2021.01.27-23.38.14:066][  0]LogAIModule: Creating AISystem for world MainLevel
[2021.01.27-23.38.14:075][  0]LogEditorServer: Finished looking for orphan Actors (0.000 secs)
[2021.01.27-23.38.14:107][  0]Cmd: MAP CHECKDEP NOCLEARLOG
[2021.01.27-23.38.14:165][  0]MapCheck: Map check complete: 0 Error(s), 0 Warning(s), took 57,774ms to complete.
[2021.01.27-23.38.14:165][  0]LogFileHelpers: Loading map 'MainLevel' took 0.338
[2021.01.27-23.38.14:223][  0]LogSlate: Updating window title bar state: overlay mode, drag disabled, window buttons hidden, title bar hidden
[2021.01.27-23.38.14:231][  0]LogSlate: Updating window title bar state: overlay mode, drag disabled, window buttons hidden, title bar hidden
[2021.01.27-23.38.14:239][  0]LogSlate: Updating window title bar state: overlay mode, drag disabled, window buttons hidden, title bar hidden
[2021.01.27-23.38.14:246][  0]LogSlate: Updating window title bar state: overlay mode, drag disabled, window buttons hidden, title bar hidden
[2021.01.27-23.38.14:251][  0]LogCollectionManager: Loaded 0 collections in 0.000904 seconds
[2021.01.27-23.38.14:294][  0]LogFileCache: Scanning file cache for directory 'D:/Użytkownicy/Żeberka/!V rok/silniki gierr/Projekt _2/P2OlimpiaRopek/Saved/Collections/' took 0.01s
[2021.01.27-23.38.14:294][  0]LogFileCache: Scanning file cache for directory 'D:/Użytkownicy/Żeberka/!V rok/silniki gierr/Projekt _2/P2OlimpiaRopek/Content/Developers/Karkówka/Collections/' took 0.01s
[2021.01.27-23.38.14:294][  0]LogFileCache: Scanning file cache for directory 'D:/Użytkownicy/Żeberka/!V rok/silniki gierr/Projekt _2/P2OlimpiaRopek/Content/Collections/' took 0.01s
[2021.01.27-23.38.14:294][  0]LogCollectionManager: Rebuilt the GUID cache for 0 collections in 0.000000 seconds
[2021.01.27-23.38.14:305][  0]LogContentBrowser: Native class hierarchy populated in 0.0110 seconds. Added 2572 classes and 603 folders.
[2021.01.27-23.38.14:310][  0]LogContentBrowser: Native class hierarchy updated for 'WidgetCarousel' in 0.0003 seconds. Added 0 classes and 0 folders.
[2021.01.27-23.38.14:349][  0]LogContentBrowser: Native class hierarchy updated for 'AddContentDialog' in 0.0003 seconds. Added 0 classes and 0 folders.
[2021.01.27-23.38.14:353][  0]LogContentBrowser: Native class hierarchy updated for 'SceneOutliner' in 0.0003 seconds. Added 1 classes and 2 folders.
[2021.01.27-23.38.14:372][  0]LogSlate: Took 0.000205 seconds to synchronously load lazily loaded font '../../../Engine/Content/Slate/Fonts/Roboto-Bold.ttf' (160K)
[2021.01.27-23.38.14:377][  0]LogSlate: Took 0.000226 seconds to synchronously load lazily loaded font '../../../Engine/Content/Editor/Slate/Fonts/FontAwesome.ttf' (139K)
[2021.01.27-23.38.14:432][  0]LogRenderer: Reallocating scene render targets to support 1208x732 Format 10 NumSamples 1 (Frame:1).
[2021.01.27-23.38.14:580][  0]LogContentBrowser: Native class hierarchy updated for 'HierarchicalLODOutliner' in 0.0003 seconds. Added 0 classes and 0 folders.
[2021.01.27-23.38.14:580][  0]LogLoad: (Engine Initialization) Total time: 18.60 seconds
[2021.01.27-23.38.14:580][  0]LogLoad: (Engine Initialization) Total Blueprint compile time: 0.00 seconds
[2021.01.27-23.38.14:611][  0]LogContentStreaming: Texture pool size now 1000 MB
[2021.01.27-23.38.14:622][  0]LogSlate: Took 0.000238 seconds to synchronously load lazily loaded font '../../../Engine/Content/Slate/Fonts/Roboto-Light.ttf' (167K)
[2021.01.27-23.38.14:634][  1]LogAssetRegistry: Asset discovery search completed in 14.6513 seconds
[2021.01.27-23.38.14:636][  1]LogCollectionManager: Rebuilt the object cache for 0 collections in 0.000000 seconds (found 0 objects)
[2021.01.27-23.38.14:636][  1]LogCollectionManager: Fixed up redirectors for 0 collections in 0.000062 seconds (updated 0 objects)
[2021.01.27-23.38.15:609][ 96]LogSlate: Took 0.000235 seconds to synchronously load lazily loaded font '../../../Engine/Content/Slate/Fonts/Roboto-Light.ttf' (167K)
[2021.01.27-23.38.17:245][286]LogSlate: FSceneViewport::OnFocusLost() reason 0
[2021.01.27-23.38.24:112][ 94]LogAssetEditorManager: Opening Asset editor for Blueprint /Game/Blueprints/BP_Crystal.BP_Crystal
[2021.01.27-23.38.24:675][ 94]LogContentBrowser: Native class hierarchy updated for 'BlueprintGraph' in 0.0007 seconds. Added 116 classes and 0 folders.
[2021.01.27-23.38.25:514][ 94]LogAssetEditorManager: Opening Asset editor for Blueprint /Game/Blueprints/BP_PlayerPawn.BP_PlayerPawn
[2021.01.27-23.38.25:848][ 94]LogSlate: Took 0.020153 seconds to synchronously load lazily loaded font '../../../Engine/Content/Slate/Fonts/Roboto-BoldCondensed.ttf' (158K)
[2021.01.27-23.38.32:325][651]LogSlate: Window 'BP_Crystal' being destroyed
[2021.01.27-23.38.34:022][852]LogSlate: Took 0.000233 seconds to synchronously load lazily loaded font '../../../Engine/Content/Slate/Fonts/Roboto-Italic.ttf' (157K)
[2021.01.27-23.38.35:283][990]LogRenderer: Reallocating scene render targets to support 1208x1020 Format 10 NumSamples 1 (Frame:1).
[2021.01.27-23.38.37:849][290]LogSlate: FSceneViewport::OnFocusLost() reason 2
[2021.01.27-23.38.39:609][492]LogSlate: FSceneViewport::OnFocusLost() reason 0
[2021.01.27-23.38.42:210][797]LogEditorTransaction: Undo Modify Component(s)
[2021.01.27-23.38.44:086][ 17]LogSlate: FSceneViewport::OnFocusLost() reason 0
[2021.01.27-23.38.48:473][530]LogSlate: FSceneViewport::OnFocusLost() reason 0
[2021.01.27-23.39.13:035][426]LogEditorTransaction: Undo Modify Component(s)
[2021.01.27-23.39.13:794][426]LogStats: FPlatformStackWalk::StackWalkAndDump -  0.754 s
[2021.01.27-23.39.13:795][426]LogOutputDevice: Error: === Handled ensure: ===
[2021.01.27-23.39.13:795][426]LogOutputDevice: Error: 
[2021.01.27-23.39.13:795][426]LogOutputDevice: Error: Ensure condition failed: !GIsTransacting [File:D:\Build\++UE4\Sync\Engine\Source\Editor\UnrealEd\Classes\Editor/TransBuffer.h] [Line: 72]
[2021.01.27-23.39.13:795][426]LogOutputDevice: Error: 
[2021.01.27-23.39.13:795][426]LogOutputDevice: Error: Stack: 
[2021.01.27-23.39.13:795][426]LogOutputDevice: Error: [Callstack] 0x00007ffa3e5271f6 UE4Editor-Core.dll!UnknownFunction []
[2021.01.27-23.39.13:795][426]LogOutputDevice: Error: [Callstack] 0x00007ffa3e260c92 UE4Editor-Core.dll!UnknownFunction []
[2021.01.27-23.39.13:795][426]LogOutputDevice: Error: [Callstack] 0x00007ffa3e27b356 UE4Editor-Core.dll!UnknownFunction []
[2021.01.27-23.39.13:795][426]LogOutputDevice: Error: [Callstack] 0x00007ffa3927eedf UE4Editor-UnrealEd.dll!UnknownFunction []
[2021.01.27-23.39.13:795][426]LogOutputDevice: Error: [Callstack] 0x00007ffa39224514 UE4Editor-UnrealEd.dll!UnknownFunction []
[2021.01.27-23.39.13:795][426]LogOutputDevice: Error: [Callstack] 0x00007ffa22a641a9 UE4Editor-DetailCustomizations.dll!UnknownFunction []
[2021.01.27-23.39.13:795][426]LogOutputDevice: Error: [Callstack] 0x00007ffa22a64ee5 UE4Editor-DetailCustomizations.dll!UnknownFunction []
[2021.01.27-23.39.13:795][426]LogOutputDevice: Error: [Callstack] 0x00007ffa22a11a51 UE4Editor-DetailCustomizations.dll!UnknownFunction []
[2021.01.27-23.39.13:795][426]LogOutputDevice: Error: [Callstack] 0x00007ffa3aa125aa UE4Editor-Slate.dll!UnknownFunction []
[2021.01.27-23.39.13:795][426]LogOutputDevice: Error: [Callstack] 0x00007ffa3aa89269 UE4Editor-Slate.dll!UnknownFunction []
[2021.01.27-23.39.13:795][426]LogOutputDevice: Error: [Callstack] 0x00007ffa3aa441b9 UE4Editor-Slate.dll!UnknownFunction []
[2021.01.27-23.39.13:795][426]LogOutputDevice: Error: [Callstack] 0x00007ffa3aae6a2e UE4Editor-Slate.dll!UnknownFunction []
[2021.01.27-23.39.13:795][426]LogOutputDevice: Error: [Callstack] 0x00007ffa3a8f93b0 UE4Editor-Slate.dll!UnknownFunction []
[2021.01.27-23.39.13:795][426]LogOutputDevice: Error: [Callstack] 0x00007ffa3a891444 UE4Editor-Slate.dll!UnknownFunction []
[2021.01.27-23.39.13:795][426]LogOutputDevice: Error: [Callstack] 0x00007ffa283c0014 UE4Editor-Kismet.dll!UnknownFunction []
[2021.01.27-23.39.13:795][426]LogOutputDevice: Error: [Callstack] 0x00007ffa28038d70 UE4Editor-Kismet.dll!UnknownFunction []
[2021.01.27-23.39.13:795][426]LogOutputDevice: Error: [Callstack] 0x00007ffa27fcf869 UE4Editor-Kismet.dll!UnknownFunction []
[2021.01.27-23.39.13:795][426]LogOutputDevice: Error: [Callstack] 0x00007ffa283c4833 UE4Editor-Kismet.dll!UnknownFunction []
[2021.01.27-23.39.13:795][426]LogOutputDevice: Error: [Callstack] 0x00007ffa283ab550 UE4Editor-Kismet.dll!UnknownFunction []
[2021.01.27-23.39.13:795][426]LogOutputDevice: Error: [Callstack] 0x00007ffa2835b524 UE4Editor-Kismet.dll!UnknownFunction []
[2021.01.27-23.39.13:795][426]LogOutputDevice: Error: [Callstack] 0x00007ffa283b0f0a UE4Editor-Kismet.dll!UnknownFunction []
[2021.01.27-23.39.13:795][426]LogOutputDevice: Error: [Callstack] 0x00007ffa27f6b41b UE4Editor-Kismet.dll!UnknownFunction []
[2021.01.27-23.39.13:795][426]LogOutputDevice: Error: [Callstack] 0x00007ffa27ff843e UE4Editor-Kismet.dll!UnknownFunction []
[2021.01.27-23.39.13:795][426]LogOutputDevice: Error: [Callstack] 0x00007ffa28045d9d UE4Editor-Kismet.dll!UnknownFunction []
[2021.01.27-23.39.13:795][426]LogOutputDevice: Error: [Callstack] 0x00007ffa39224dc6 UE4Editor-UnrealEd.dll!UnknownFunction []
[2021.01.27-23.39.13:795][426]LogOutputDevice: Error: [Callstack] 0x00007ffa392501fb UE4Editor-UnrealEd.dll!UnknownFunction []
[2021.01.27-23.39.13:795][426]LogOutputDevice: Error: [Callstack] 0x00007ffa39236535 UE4Editor-UnrealEd.dll!UnknownFunction []
[2021.01.27-23.39.13:795][426]LogOutputDevice: Error: [Callstack] 0x00007ffa392a2dc5 UE4Editor-UnrealEd.dll!UnknownFunction []
[2021.01.27-23.39.13:795][426]LogOutputDevice: Error: [Callstack] 0x00007ffa392e9b6d UE4Editor-UnrealEd.dll!UnknownFunction []
[2021.01.27-23.39.13:795][426]LogOutputDevice: Error: [Callstack] 0x00007ffa3927c81f UE4Editor-UnrealEd.dll!UnknownFunction []
[2021.01.27-23.39.13:795][426]LogOutputDevice: Error: [Callstack] 0x00007ffa27fd05b8 UE4Editor-Kismet.dll!UnknownFunction []
[2021.01.27-23.39.13:795][426]LogOutputDevice: Error: [Callstack] 0x00007ffa3a8924df UE4Editor-Slate.dll!UnknownFunction []
[2021.01.27-23.39.13:795][426]LogOutputDevice: Error: [Callstack] 0x00007ffa3a8d437e UE4Editor-Slate.dll!UnknownFunction []
[2021.01.27-23.39.13:795][426]LogOutputDevice: Error: [Callstack] 0x00007ffa39ad3a8e UE4Editor-UnrealEd.dll!UnknownFunction []
[2021.01.27-23.39.13:795][426]LogOutputDevice: Error: [Callstack] 0x00007ffa39ac1a08 UE4Editor-UnrealEd.dll!UnknownFunction []
[2021.01.27-23.39.13:795][426]LogOutputDevice: Error: [Callstack] 0x00007ffa3a8570ac UE4Editor-Slate.dll!UnknownFunction []
[2021.01.27-23.39.13:795][426]LogOutputDevice: Error: [Callstack] 0x00007ffa3a8d606c UE4Editor-Slate.dll!UnknownFunction []
[2021.01.27-23.39.13:795][426]LogOutputDevice: Error: [Callstack] 0x00007ffa3a8c9846 UE4Editor-Slate.dll!UnknownFunction []
[2021.01.27-23.39.13:795][426]LogOutputDevice: Error: [Callstack] 0x00007ffa707dce45 UE4Editor-ApplicationCore.dll!UnknownFunction []
[2021.01.27-23.39.13:795][426]LogOutputDevice: Error: [Callstack] 0x00007ffa707d0270 UE4Editor-ApplicationCore.dll!UnknownFunction []
[2021.01.27-23.39.13:795][426]LogOutputDevice: Error: [Callstack] 0x00007ffa707df4c5 UE4Editor-ApplicationCore.dll!UnknownFunction []
[2021.01.27-23.39.13:795][426]LogOutputDevice: Error: [Callstack] 0x00007ffa707cc209 UE4Editor-ApplicationCore.dll!UnknownFunction []
[2021.01.27-23.39.13:795][426]LogOutputDevice: Error: [Callstack] 0x00007ffa9ef55c1d USER32.dll!UnknownFunction []
[2021.01.27-23.39.13:795][426]LogOutputDevice: Error: [Callstack] 0x00007ffa9ef55612 USER32.dll!UnknownFunction []
[2021.01.27-23.39.13:795][426]LogOutputDevice: Error: [Callstack] 0x00007ffa707e0646 UE4Editor-ApplicationCore.dll!UnknownFunction []
[2021.01.27-23.39.13:795][426]LogOutputDevice: Error: [Callstack] 0x00007ff6fed854e5 UE4Editor.exe!UnknownFunction []
[2021.01.27-23.39.13:795][426]LogOutputDevice: Error: [Callstack] 0x00007ff6fed95b3c UE4Editor.exe!UnknownFunction []
[2021.01.27-23.39.13:795][426]LogOutputDevice: Error: [Callstack] 0x00007ff6fed95bba UE4Editor.exe!UnknownFunction []
[2021.01.27-23.39.13:795][426]LogOutputDevice: Error: [Callstack] 0x00007ff6feda3dac UE4Editor.exe!UnknownFunction []
[2021.01.27-23.39.13:795][426]LogOutputDevice: Error: [Callstack] 0x00007ff6feda5aaa UE4Editor.exe!UnknownFunction []
[2021.01.27-23.39.13:796][426]LogOutputDevice: Error: [Callstack] 0x00007ffaa04b7c24 KERNEL32.DLL!UnknownFunction []
[2021.01.27-23.39.13:796][426]LogOutputDevice: Error: [Callstack] 0x00007ffaa0d6d4d1 ntdll.dll!UnknownFunction []
[2021.01.27-23.39.13:796][426]LogOutputDevice: Error: 
[2021.01.27-23.39.13:802][426]LogStats:                SubmitErrorReport -  0.000 s
[2021.01.27-23.39.14:157][426]LogStats:                    SendNewReport -  0.355 s
[2021.01.27-23.39.14:157][426]LogStats:             FDebug::EnsureFailed -  1.117 s
[2021.01.27-23.39.14:177][426]Cmd: TRANSACTION UNDO
[2021.01.27-23.39.14:177][426]LogEditorTransaction: Undo Set Rotation
[2021.01.27-23.39.14:183][426]Cmd: TRANSACTION UNDO
[2021.01.27-23.39.14:183][426]LogEditorTransaction: Undo Modify Component(s)
[2021.01.27-23.39.16:270][642]LogEditorTransaction: Undo Modify Component(s)
[2021.01.27-23.39.16:829][705]LogEditorTransaction: Undo Modify Component(s)
[2021.01.27-23.39.17:515][785]LogEditorTransaction: Undo Set Location
[2021.01.27-23.39.20:440][122]LogSlate: FSceneViewport::OnFocusLost() reason 0
[2021.01.27-23.39.25:897][773]LogSlate: FSceneViewport::OnFocusLost() reason 0
[2021.01.27-23.39.26:046][791]LogTemp: Repeating last play command: Selected Viewport
[2021.01.27-23.39.26:057][791]BlueprintLog: New page: Pre-Play auto-recompile
[2021.01.27-23.39.26:059][791]LogPlayLevel: [PlayLevel] Compiling BP_PlayerPawn before play...
[2021.01.27-23.39.26:292][791]LogPlayLevel: PlayLevel: Blueprint regeneration took 235 ms (1 blueprints)
[2021.01.27-23.39.26:305][791]PIE: New page: PIE session: MainLevel (28 sty 2021, 01:39:26)
[2021.01.27-23.39.26:305][791]LogPlayLevel: Creating play world package: /Game/Levels/UEDPIE_0_MainLevel
[2021.01.27-23.39.26:310][791]LogPlayLevel: PIE: StaticDuplicateObject took: (0.004654s)
[2021.01.27-23.39.26:310][791]LogAIModule: Creating AISystem for world MainLevel
[2021.01.27-23.39.26:311][791]LogPlayLevel: PIE: World Init took: (0.000688s)
[2021.01.27-23.39.26:311][791]LogPlayLevel: PIE: Created PIE world by copying editor world from /Game/Levels/MainLevel.MainLevel to /Game/Levels/UEDPIE_0_MainLevel.MainLevel (0.005488s)
[2021.01.27-23.39.26:379][791]LogInit: XAudio2 using 'Zestaw słuchawkowy (Arctis 5 Chat)' : 2 channels at 48 kHz using 16 bits per sample (channel mask 0x3)
[2021.01.27-23.39.26:392][791]LogInit: FAudioDevice initialized.
[2021.01.27-23.39.26:408][791]LogSlate: Updating window title bar state: overlay mode, drag disabled, window buttons hidden, title bar hidden
[2021.01.27-23.39.26:461][791]LogLinker: Warning: Can't find file '/Game/Blueprints/BP_GameMode'
[2021.01.27-23.39.26:461][791]LogLinker: Warning: Can't find file '/Game/Blueprints/BP_GameMode'
[2021.01.27-23.39.26:461][791]LogUObjectGlobals: Warning: Failed to find object 'Class /Game/Blueprints/BP_GameMode.BP_GameMode_C'
[2021.01.27-23.39.26:461][791]LogLoad: Game class is 'GameModeBase'
[2021.01.27-23.39.26:464][791]LogWorld: Bringing World /Game/Levels/UEDPIE_0_MainLevel.MainLevel up for play (max tick rate 0) at 2021.01.28-00.39.26
[2021.01.27-23.39.26:464][791]LogWorld: Bringing up level for play took: 0.001540
[2021.01.27-23.39.26:479][791]LogContentBrowser: Native class hierarchy updated for 'MovieSceneCapture' in 0.0003 seconds. Added 10 classes and 0 folders.
[2021.01.27-23.39.26:482][791]PIE: Play in editor start time for /Game/Levels/UEDPIE_0_MainLevel -0,529
[2021.01.27-23.39.26:560][791]LogRenderer: Reallocating scene render targets to support 1292x1020 Format 10 NumSamples 1 (Frame:1).
[2021.01.27-23.39.33:369][600]LogSlate: Updating window title bar state: overlay mode, drag disabled, window buttons hidden, title bar hidden
[2021.01.27-23.39.33:380][600]LogSlate: Window 'P2OlimpiaRopek Game Preview Standalone (64-bit/PCD3D_SM5)' being destroyed
[2021.01.27-23.39.33:415][600]LogPlayLevel: Display: Shutting down PIE online subsystems
[2021.01.27-23.39.33:471][601]LogPlayLevel: Display: Destroying online subsystem :Context_5
[2021.01.27-23.39.37:015][ 19]LogEditorViewport: Clicking on Actor (LMB): BP_PlayerPawn_C (BP_PlayerPawn)
[2021.01.27-23.39.38:388][169]LogSlate: FSceneViewport::OnFocusLost() reason 2
[2021.01.27-23.39.43:378][718]LogSlate: FSceneViewport::OnFocusLost() reason 0
[2021.01.27-23.39.59:423][384]LogSlate: Window 'Pick Parent Class' being destroyed
[2021.01.27-23.41.49:958][903]LogAssetEditorManager: Opening Asset editor for Blueprint /Game/Blueprints/BP_GameMode.BP_GameMode
[2021.01.27-23.42.00:661][138]LogSlate: Prevented a slow task dialog from being summoned while a context menu was open
[2021.01.27-23.44.28:871][885]LogAssetEditorManager: Opening Asset editor for Blueprint /Game/Blueprints/BP_GameMode.BP_GameMode
[2021.01.27-23.44.29:143][885]LogTabManager: Warning: Cannot spawn tab because no spawner is registered for 'CompilerResults'
[2021.01.27-23.44.32:864][323]LogSlate: Window 'CompilerResults' being destroyed
[2021.01.27-23.44.34:238][488]LogSlate: Window 'CompilerResults' being destroyed
[2021.01.27-23.47.36:902][853]LogTemp: Repeating last play command: Selected Viewport
[2021.01.27-23.47.36:917][853]LogPlayLevel: PlayLevel: No blueprints needed recompiling
[2021.01.27-23.47.36:917][853]PIE: New page: PIE session: MainLevel (28 sty 2021, 01:47:36)
[2021.01.27-23.47.36:917][853]LogPlayLevel: Creating play world package: /Game/Levels/UEDPIE_0_MainLevel
[2021.01.27-23.47.36:922][853]LogPlayLevel: PIE: StaticDuplicateObject took: (0.004794s)
[2021.01.27-23.47.36:923][853]LogAIModule: Creating AISystem for world MainLevel
[2021.01.27-23.47.36:923][853]LogPlayLevel: PIE: World Init took: (0.000724s)
[2021.01.27-23.47.36:923][853]LogPlayLevel: PIE: Created PIE world by copying editor world from /Game/Levels/MainLevel.MainLevel to /Game/Levels/UEDPIE_0_MainLevel.MainLevel (0.005650s)
[2021.01.27-23.47.37:017][853]LogInit: XAudio2 using 'Zestaw słuchawkowy (Arctis 5 Chat)' : 2 channels at 48 kHz using 16 bits per sample (channel mask 0x3)
[2021.01.27-23.47.37:033][853]LogInit: FAudioDevice initialized.
[2021.01.27-23.47.37:062][853]LogLoad: Game class is 'BP_GameMode_C'
[2021.01.27-23.47.37:063][853]LogWorld: Bringing World /Game/Levels/UEDPIE_0_MainLevel.MainLevel up for play (max tick rate 0) at 2021.01.28-00.47.37
[2021.01.27-23.47.37:064][853]LogWorld: Bringing up level for play took: 0.001217
[2021.01.27-23.47.37:077][853]PIE: Play in editor start time for /Game/Levels/UEDPIE_0_MainLevel 0,066
[2021.01.27-23.47.41:700][406]LogSlate: Updating window title bar state: overlay mode, drag disabled, window buttons hidden, title bar hidden
[2021.01.27-23.47.41:739][406]LogPlayLevel: Display: Shutting down PIE online subsystems
[2021.01.27-23.47.41:780][406]LogSlate: Updating window title bar state: overlay mode, drag disabled, window buttons hidden, title bar hidden
[2021.01.27-23.47.41:802][407]LogPlayLevel: Display: Destroying online subsystem :Context_8
[2021.01.27-23.48.07:890][813]LogSlate: FSceneViewport::OnFocusLost() reason 0
[2021.01.27-23.48.11:137][176]LogSlate: FSceneViewport::OnFocusLost() reason 0
[2021.01.27-23.48.35:289][ 12]LogSlate: FSceneViewport::OnFocusLost() reason 0
[2021.01.27-23.48.35:397][ 25]BlueprintLog: New page: Compile BP_PlayerPawn
[2021.01.27-23.48.46:189][275]LogSlate: FSceneViewport::OnFocusLost() reason 0
[2021.01.27-23.49.39:207][882]LogSavePackage: Moving '../../../../../../Użytkownicy/Żeberka/!V rok/silniki gierr/Projekt _2/P2OlimpiaRopek/Saved/MainLevel_Auto1FA1B68DD46ECDAFB8505F8BCEF5F51F4.tmp' to '../../../../../../Użytkownicy/Żeberka/!V rok/silniki gierr/Projekt _2/P2OlimpiaRopek/Saved/Autosaves/Game/Levels/MainLevel_Auto1.umap'
[2021.01.27-23.49.39:211][882]LogFileHelpers: Editor autosave (incl. sublevels) for '/Game/Levels/MainLevel' took 0.092
[2021.01.27-23.49.39:211][882]LogFileHelpers: Editor autosave (incl. sublevels) for all levels took 0.092
[2021.01.27-23.49.39:213][882]OBJ SavePackage: Generating thumbnails for [1] asset(s) in package [/Game/Blueprints/BP_PlayerPawn] ([1] browsable assets)...
[2021.01.27-23.49.39:229][882]OBJ SavePackage:     Rendered thumbnail for [Blueprint /Game/Blueprints/BP_PlayerPawn.BP_PlayerPawn]
[2021.01.27-23.49.39:229][882]OBJ SavePackage: Finished generating thumbnails for package [/Game/Blueprints/BP_PlayerPawn]
[2021.01.27-23.49.39:252][882]LogSavePackage: Moving '../../../../../../Użytkownicy/Żeberka/!V rok/silniki gierr/Projekt _2/P2OlimpiaRopek/Saved/BP_PlayerPawn_Auto1AB11DE314D966065CB80819931289EE7.tmp' to '../../../../../../Użytkownicy/Żeberka/!V rok/silniki gierr/Projekt _2/P2OlimpiaRopek/Saved/Autosaves/Game/Blueprints/BP_PlayerPawn_Auto1.uasset'
[2021.01.27-23.49.39:253][882]OBJ SavePackage: Generating thumbnails for [0] asset(s) in package [/Game/Blueprints/BP_GameMode] ([1] browsable assets)...
[2021.01.27-23.49.39:253][882]OBJ SavePackage: Finished generating thumbnails for package [/Game/Blueprints/BP_GameMode]
[2021.01.27-23.49.39:262][882]LogSavePackage: Moving '../../../../../../Użytkownicy/Żeberka/!V rok/silniki gierr/Projekt _2/P2OlimpiaRopek/Saved/BP_GameMode_Auto146B36EA14CE1C90A1CBA90A5EF81A004.tmp' to '../../../../../../Użytkownicy/Żeberka/!V rok/silniki gierr/Projekt _2/P2OlimpiaRopek/Saved/Autosaves/Game/Blueprints/BP_GameMode_Auto1.uasset'
[2021.01.27-23.49.39:263][882]LogFileHelpers: Auto-saving content packages took 0.051
[2021.01.27-23.56.06:989][761]LogEditorViewport: Clicking on Actor (LMB): BP_PlayerPawn_C (BP_PlayerPawn)
[2021.01.27-23.56.31:676][998]LogSlate: FSceneViewport::OnFocusLost() reason 2
[2021.01.27-23.56.36:641][504]LogSlate: FSceneViewport::OnFocusLost() reason 2
[2021.01.27-23.56.36:650][504]LogSlate: Prevented a slow task dialog from being summoned while a context menu was open
[2021.01.27-23.56.41:698][850]LogSlate: FSceneViewport::OnFocusLost() reason 2
[2021.01.27-23.56.42:012][854]LogSlate: FSceneViewport::OnFocusLost() reason 2
[2021.01.27-23.56.42:533][902]LogSlate: FSceneViewport::OnFocusLost() reason 2
[2021.01.27-23.56.44:325][ 84]LogSlate: FSceneViewport::OnFocusLost() reason 2
[2021.01.27-23.56.44:411][ 84]LogSavePackage: Moving '../../../../../../Użytkownicy/Żeberka/!V rok/silniki gierr/Projekt _2/P2OlimpiaRopek/Saved/MainLevelD639E9634FCCB5B00B34F4AB92F70536.tmp' to '../../../../../../Użytkownicy/Żeberka/!V rok/silniki gierr/Projekt _2/P2OlimpiaRopek/Content/Levels/MainLevel.umap'
[2021.01.27-23.56.44:447][ 84]LogSavePackage: Moving '../../../../../../Użytkownicy/Żeberka/!V rok/silniki gierr/Projekt _2/P2OlimpiaRopek/Saved/MainLevel_BuiltData0583265C4C7B6636DA79E38B5C28C596.tmp' to '../../../../../../Użytkownicy/Żeberka/!V rok/silniki gierr/Projekt _2/P2OlimpiaRopek/Content/Levels/MainLevel_BuiltData.uasset'
[2021.01.27-23.57.01:911][400]LogSlate: FSceneViewport::OnFocusLost() reason 0
[2021.01.27-23.57.02:222][400]LogTemp: Repeating last play command: Selected Viewport
[2021.01.27-23.57.02:236][400]LogPlayLevel: PlayLevel: No blueprints needed recompiling
[2021.01.27-23.57.02:236][400]PIE: New page: PIE session: MainLevel (28 sty 2021, 01:57:02)
[2021.01.27-23.57.02:236][400]LogPlayLevel: Creating play world package: /Game/Levels/UEDPIE_0_MainLevel
[2021.01.27-23.57.02:241][400]LogPlayLevel: PIE: StaticDuplicateObject took: (0.004728s)
[2021.01.27-23.57.02:241][400]LogAIModule: Creating AISystem for world MainLevel
[2021.01.27-23.57.02:242][400]LogPlayLevel: PIE: World Init took: (0.000726s)
[2021.01.27-23.57.02:242][400]LogPlayLevel: PIE: Created PIE world by copying editor world from /Game/Levels/MainLevel.MainLevel to /Game/Levels/UEDPIE_0_MainLevel.MainLevel (0.005574s)
[2021.01.27-23.57.02:339][400]LogInit: XAudio2 using 'Zestaw słuchawkowy (Arctis 5 Chat)' : 2 channels at 48 kHz using 16 bits per sample (channel mask 0x3)
[2021.01.27-23.57.02:352][400]LogInit: FAudioDevice initialized.
[2021.01.27-23.57.02:383][400]LogLoad: Game class is 'BP_GameMode_C'
[2021.01.27-23.57.02:384][400]LogWorld: Bringing World /Game/Levels/UEDPIE_0_MainLevel.MainLevel up for play (max tick rate 0) at 2021.01.28-00.57.02
[2021.01.27-23.57.02:384][400]LogWorld: Bringing up level for play took: 0.001283
[2021.01.27-23.57.02:398][400]PIE: Play in editor start time for /Game/Levels/UEDPIE_0_MainLevel -0,614
[2021.01.27-23.57.05:383][754]LogSlate: Updating window title bar state: overlay mode, drag disabled, window buttons hidden, title bar hidden
[2021.01.27-23.57.05:421][754]LogPlayLevel: Display: Shutting down PIE online subsystems
[2021.01.27-23.57.05:463][754]LogSlate: Updating window title bar state: overlay mode, drag disabled, window buttons hidden, title bar hidden
[2021.01.27-23.57.05:488][755]LogPlayLevel: Display: Destroying online subsystem :Context_11
[2021.01.27-23.57.35:599][278]LogEditorViewport: Clicking on Actor (LMB): BP_PlayerPawn_C (BP_PlayerPawn)
[2021.01.27-23.57.37:649][501]LogSlate: FSceneViewport::OnFocusLost() reason 0
[2021.01.27-23.57.37:809][520]LogTemp: Repeating last play command: Selected Viewport
[2021.01.27-23.57.37:822][520]LogPlayLevel: PlayLevel: No blueprints needed recompiling
[2021.01.27-23.57.37:822][520]PIE: New page: PIE session: MainLevel (28 sty 2021, 01:57:37)
[2021.01.27-23.57.37:822][520]LogPlayLevel: Creating play world package: /Game/Levels/UEDPIE_0_MainLevel
[2021.01.27-23.57.37:827][520]LogPlayLevel: PIE: StaticDuplicateObject took: (0.004630s)
[2021.01.27-23.57.37:827][520]LogAIModule: Creating AISystem for world MainLevel
[2021.01.27-23.57.37:827][520]LogPlayLevel: PIE: World Init took: (0.000643s)
[2021.01.27-23.57.37:827][520]LogPlayLevel: PIE: Created PIE world by copying editor world from /Game/Levels/MainLevel.MainLevel to /Game/Levels/UEDPIE_0_MainLevel.MainLevel (0.005415s)
[2021.01.27-23.57.37:927][520]LogInit: XAudio2 using 'Zestaw słuchawkowy (Arctis 5 Chat)' : 2 channels at 48 kHz using 16 bits per sample (channel mask 0x3)
[2021.01.27-23.57.37:940][520]LogInit: FAudioDevice initialized.
[2021.01.27-23.57.37:974][520]LogLoad: Game class is 'BP_GameMode_C'
[2021.01.27-23.57.37:975][520]LogWorld: Bringing World /Game/Levels/UEDPIE_0_MainLevel.MainLevel up for play (max tick rate 0) at 2021.01.28-00.57.37
[2021.01.27-23.57.37:976][520]LogWorld: Bringing up level for play took: 0.001268
[2021.01.27-23.57.37:989][520]PIE: Play in editor start time for /Game/Levels/UEDPIE_0_MainLevel 0,977
[2021.01.27-23.57.39:885][744]LogSlate: Updating window title bar state: overlay mode, drag disabled, window buttons hidden, title bar hidden
[2021.01.27-23.57.39:922][744]LogPlayLevel: Display: Shutting down PIE online subsystems
[2021.01.27-23.57.39:963][744]LogSlate: Updating window title bar state: overlay mode, drag disabled, window buttons hidden, title bar hidden
[2021.01.27-23.57.40:000][746]LogPlayLevel: Display: Destroying online subsystem :Context_12
[2021.01.27-23.57.50:440][972]LogEditorViewport: Clicking on Actor (LMB): BP_PlayerPawn_C (BP_PlayerPawn)
[2021.01.27-23.57.51:360][ 75]Cmd: DELETE
[2021.01.27-23.57.51:360][ 75]Cmd: ACTOR DELETE
[2021.01.27-23.57.51:363][ 75]LogEditorActor: Deleted Actor: BP_PlayerPawn_C
[2021.01.27-23.57.51:428][ 75]LogEditorActor: Deleted 1 Actors (0.067 secs)
[2021.01.27-23.57.52:423][193]LogSlate: FSceneViewport::OnFocusLost() reason 0
[2021.01.27-23.57.52:531][206]LogTemp: Repeating last play command: Selected Viewport
[2021.01.27-23.57.52:546][206]LogPlayLevel: PlayLevel: No blueprints needed recompiling
[2021.01.27-23.57.52:546][206]PIE: New page: PIE session: MainLevel (28 sty 2021, 01:57:52)
[2021.01.27-23.57.52:546][206]LogPlayLevel: Creating play world package: /Game/Levels/UEDPIE_0_MainLevel
[2021.01.27-23.57.52:551][206]LogPlayLevel: PIE: StaticDuplicateObject took: (0.004398s)
[2021.01.27-23.57.52:551][206]LogAIModule: Creating AISystem for world MainLevel
[2021.01.27-23.57.52:551][206]LogPlayLevel: PIE: World Init took: (0.000634s)
[2021.01.27-23.57.52:551][206]LogPlayLevel: PIE: Created PIE world by copying editor world from /Game/Levels/MainLevel.MainLevel to /Game/Levels/UEDPIE_0_MainLevel.MainLevel (0.005152s)
[2021.01.27-23.57.52:623][206]LogInit: XAudio2 using 'Zestaw słuchawkowy (Arctis 5 Chat)' : 2 channels at 48 kHz using 16 bits per sample (channel mask 0x3)
[2021.01.27-23.57.52:635][206]LogInit: FAudioDevice initialized.
[2021.01.27-23.57.52:666][206]LogLoad: Game class is 'BP_GameMode_C'
[2021.01.27-23.57.52:667][206]LogWorld: Bringing World /Game/Levels/UEDPIE_0_MainLevel.MainLevel up for play (max tick rate 0) at 2021.01.28-00.57.52
[2021.01.27-23.57.52:668][206]LogWorld: Bringing up level for play took: 0.001183
[2021.01.27-23.57.52:680][206]PIE: Play in editor start time for /Game/Levels/UEDPIE_0_MainLevel -0,331
[2021.01.27-23.57.55:565][550]LogSlate: Updating window title bar state: overlay mode, drag disabled, window buttons hidden, title bar hidden
[2021.01.27-23.57.55:602][550]LogPlayLevel: Display: Shutting down PIE online subsystems
[2021.01.27-23.57.55:641][550]LogSlate: Updating window title bar state: overlay mode, drag disabled, window buttons hidden, title bar hidden
[2021.01.27-23.57.55:665][551]LogPlayLevel: Display: Destroying online subsystem :Context_13
[2021.01.27-23.57.56:772][682]LogSlate: FSceneViewport::OnFocusLost() reason 0
[2021.01.27-23.58.05:038][648]LogSlate: FSceneViewport::OnFocusLost() reason 0
[2021.01.27-23.58.08:726][ 76]LogEditorTransaction: Undo Modify Component(s)
[2021.01.27-23.58.11:173][353]LogSlate: FSceneViewport::OnFocusLost() reason 0
[2021.01.27-23.58.21:092][529]LogSlate: FSceneViewport::OnFocusLost() reason 0
[2021.01.27-23.58.23:123][772]LogEditorTransaction: Undo Modify Component(s)
[2021.01.27-23.58.27:461][284]LogEditorTransaction: Undo Modify Component(s)
[2021.01.27-23.58.41:569][893]LogEditorTransaction: Undo Set Rotation
[2021.01.27-23.58.42:095][953]LogEditorTransaction: Undo Set Rotation
[2021.01.27-23.58.42:506][  1]LogEditorTransaction: Undo Modify Component(s)
[2021.01.27-23.58.43:120][ 73]LogEditorTransaction: Undo Modify Component(s)
[2021.01.27-23.58.46:125][422]LogSlate: FSceneViewport::OnFocusLost() reason 0
[2021.01.27-23.58.50:111][894]LogEditorTransaction: Undo Modify Component(s)
[2021.01.27-23.58.51:654][ 76]LogSlate: FSceneViewport::OnFocusLost() reason 0
[2021.01.27-23.58.52:738][195]LogEditorTransaction: Undo Set Rotation
[2021.01.27-23.58.58:581][888]LogEditorTransaction: Undo Modify Component(s)
[2021.01.27-23.59.09:146][138]LogSlate: FSceneViewport::OnFocusLost() reason 0
[2021.01.27-23.59.09:238][149]BlueprintLog: New page: Compile BP_PlayerPawn
[2021.01.27-23.59.10:839][302]LogTemp: Repeating last play command: Selected Viewport
[2021.01.27-23.59.10:854][302]LogPlayLevel: PlayLevel: No blueprints needed recompiling
[2021.01.27-23.59.10:854][302]PIE: New page: PIE session: MainLevel (28 sty 2021, 01:59:10)
[2021.01.27-23.59.10:854][302]LogPlayLevel: Creating play world package: /Game/Levels/UEDPIE_0_MainLevel
[2021.01.27-23.59.10:859][302]LogPlayLevel: PIE: StaticDuplicateObject took: (0.004421s)
[2021.01.27-23.59.10:859][302]LogAIModule: Creating AISystem for world MainLevel
[2021.01.27-23.59.10:860][302]LogPlayLevel: PIE: World Init took: (0.000674s)
[2021.01.27-23.59.10:860][302]LogPlayLevel: PIE: Created PIE world by copying editor world from /Game/Levels/MainLevel.MainLevel to /Game/Levels/UEDPIE_0_MainLevel.MainLevel (0.005212s)
[2021.01.27-23.59.10:932][302]LogInit: XAudio2 using 'Zestaw słuchawkowy (Arctis 5 Chat)' : 2 channels at 48 kHz using 16 bits per sample (channel mask 0x3)
[2021.01.27-23.59.10:945][302]LogInit: FAudioDevice initialized.
[2021.01.27-23.59.10:978][302]LogLoad: Game class is 'BP_GameMode_C'
[2021.01.27-23.59.10:980][302]LogWorld: Bringing World /Game/Levels/UEDPIE_0_MainLevel.MainLevel up for play (max tick rate 0) at 2021.01.28-00.59.10
[2021.01.27-23.59.10:980][302]LogWorld: Bringing up level for play took: 0.001160
[2021.01.27-23.59.10:993][302]PIE: Play in editor start time for /Game/Levels/UEDPIE_0_MainLevel -0,018
[2021.01.27-23.59.14:161][680]LogSlate: Updating window title bar state: overlay mode, drag disabled, window buttons hidden, title bar hidden
[2021.01.27-23.59.14:195][680]LogPlayLevel: Display: Shutting down PIE online subsystems
[2021.01.27-23.59.14:230][680]LogSlate: Updating window title bar state: overlay mode, drag disabled, window buttons hidden, title bar hidden
[2021.01.27-23.59.14:269][682]LogPlayLevel: Display: Destroying online subsystem :Context_14
[2021.01.27-23.59.16:734][955]LogEditorViewport: Clicking on Actor (LMB): PlayerStart (PlayerStart)
[2021.01.27-23.59.19:423][253]LogNavigationPoint: PostEditMove Clear paths rebuilt
[2021.01.27-23.59.20:062][327]LogSlate: FSceneViewport::OnFocusLost() reason 0
[2021.01.27-23.59.20:170][340]LogTemp: Repeating last play command: Selected Viewport
[2021.01.27-23.59.20:185][340]LogPlayLevel: PlayLevel: No blueprints needed recompiling
[2021.01.27-23.59.20:185][340]PIE: New page: PIE session: MainLevel (28 sty 2021, 01:59:20)
[2021.01.27-23.59.20:185][340]LogPlayLevel: Creating play world package: /Game/Levels/UEDPIE_0_MainLevel
[2021.01.27-23.59.20:190][340]LogPlayLevel: PIE: StaticDuplicateObject took: (0.004381s)
[2021.01.27-23.59.20:190][340]LogAIModule: Creating AISystem for world MainLevel
[2021.01.27-23.59.20:191][340]LogPlayLevel: PIE: World Init took: (0.000648s)
[2021.01.27-23.59.20:191][340]LogPlayLevel: PIE: Created PIE world by copying editor world from /Game/Levels/MainLevel.MainLevel to /Game/Levels/UEDPIE_0_MainLevel.MainLevel (0.005151s)
[2021.01.27-23.59.20:258][340]LogInit: XAudio2 using 'Zestaw słuchawkowy (Arctis 5 Chat)' : 2 channels at 48 kHz using 16 bits per sample (channel mask 0x3)
[2021.01.27-23.59.20:271][340]LogInit: FAudioDevice initialized.
[2021.01.27-23.59.20:305][340]LogLoad: Game class is 'BP_GameMode_C'
[2021.01.27-23.59.20:306][340]LogWorld: Bringing World /Game/Levels/UEDPIE_0_MainLevel.MainLevel up for play (max tick rate 0) at 2021.01.28-00.59.20
[2021.01.27-23.59.20:306][340]LogWorld: Bringing up level for play took: 0.001237
[2021.01.27-23.59.20:320][340]PIE: Play in editor start time for /Game/Levels/UEDPIE_0_MainLevel -0,691
[2021.01.27-23.59.21:253][450]LogSlate: Updating window title bar state: overlay mode, drag disabled, window buttons hidden, title bar hidden
[2021.01.27-23.59.21:287][450]LogPlayLevel: Display: Shutting down PIE online subsystems
[2021.01.27-23.59.21:326][450]LogSlate: Updating window title bar state: overlay mode, drag disabled, window buttons hidden, title bar hidden
[2021.01.27-23.59.21:360][452]LogPlayLevel: Display: Destroying online subsystem :Context_15
[2021.01.27-23.59.24:242][776]LogEditorViewport: Clicking on Actor (LMB): PlayerStart (PlayerStart)
[2021.01.27-23.59.27:357][139]LogEditorViewport: Clicking Background
[2021.01.27-23.59.46:635][430]LogSlate: FSceneViewport::OnFocusLost() reason 0
[2021.01.27-23.59.55:336][459]LogTemp: Repeating last play command: Selected Viewport
[2021.01.27-23.59.55:351][459]BlueprintLog: New page: Pre-Play auto-recompile
[2021.01.27-23.59.55:353][459]LogPlayLevel: [PlayLevel] Compiling BP_PlayerPawn before play...
[2021.01.27-23.59.55:520][459]LogPlayLevel: PlayLevel: Blueprint regeneration took 168 ms (1 blueprints)
[2021.01.27-23.59.55:520][459]PIE: New page: PIE session: MainLevel (28 sty 2021, 01:59:55)
[2021.01.27-23.59.55:520][459]LogPlayLevel: Creating play world package: /Game/Levels/UEDPIE_0_MainLevel
[2021.01.27-23.59.55:525][459]LogPlayLevel: PIE: StaticDuplicateObject took: (0.004471s)
[2021.01.27-23.59.55:526][459]LogAIModule: Creating AISystem for world MainLevel
[2021.01.27-23.59.55:526][459]LogPlayLevel: PIE: World Init took: (0.000698s)
[2021.01.27-23.59.55:526][459]LogPlayLevel: PIE: Created PIE world by copying editor world from /Game/Levels/MainLevel.MainLevel to /Game/Levels/UEDPIE_0_MainLevel.MainLevel (0.005297s)
[2021.01.27-23.59.55:596][459]LogInit: XAudio2 using 'Zestaw słuchawkowy (Arctis 5 Chat)' : 2 channels at 48 kHz using 16 bits per sample (channel mask 0x3)
[2021.01.27-23.59.55:608][459]LogInit: FAudioDevice initialized.
[2021.01.27-23.59.55:624][459]LogSlate: Updating window title bar state: overlay mode, drag disabled, window buttons hidden, title bar hidden
[2021.01.27-23.59.55:663][459]LogLoad: Game class is 'BP_GameMode_C'
[2021.01.27-23.59.55:664][459]LogWorld: Bringing World /Game/Levels/UEDPIE_0_MainLevel.MainLevel up for play (max tick rate 0) at 2021.01.28-00.59.55
[2021.01.27-23.59.55:665][459]LogWorld: Bringing up level for play took: 0.001156
[2021.01.27-23.59.55:679][459]PIE: Play in editor start time for /Game/Levels/UEDPIE_0_MainLevel 0,667
[2021.01.27-23.59.58:678][801]LogSlate: Updating window title bar state: overlay mode, drag disabled, window buttons hidden, title bar hidden
[2021.01.27-23.59.58:688][801]LogSlate: Window 'P2OlimpiaRopek Game Preview Standalone (64-bit/PCD3D_SM5)' being destroyed
[2021.01.27-23.59.58:723][801]LogPlayLevel: Display: Shutting down PIE online subsystems
[2021.01.27-23.59.58:779][802]LogPlayLevel: Display: Destroying online subsystem :Context_16
[2021.01.28-00.00.26:297][ 88]LogEditorViewport: Clicking Background
[2021.01.28-00.00.27:489][229]Cmd: TRANSACTION UNDO
[2021.01.28-00.00.27:489][229]LogEditorTransaction: Undo Clicking Background
[2021.01.28-00.00.28:642][351]Cmd: TRANSACTION UNDO
[2021.01.28-00.00.28:642][351]LogEditorTransaction: Undo Apply Material to Selected Surfaces
[2021.01.28-00.00.31:699][712]Cmd: TRANSACTION UNDO
[2021.01.28-00.00.31:699][712]LogEditorTransaction: Undo Apply Material to Selected Surfaces
[2021.01.28-00.00.35:031][ 88]LogSlate: FSceneViewport::OnFocusLost() reason 0
[2021.01.28-00.01.22:722][620]LogEditorViewport: Clicking Background
[2021.01.28-00.01.29:146][368]LogEditorViewport: Clicking on Actor (LMB): BP_Crystal_C (BP_Crystal3)
[2021.01.28-00.01.31:861][668]LogEditorViewport: Clicking on Actor (LMB): BP_Crystal_C (BP_Crystal2)
[2021.01.28-00.01.34:822][ 18]LogEditorViewport: Clicking on Actor (LMB): BP_Crystal_C (BP_Crystal)
[2021.01.28-00.01.39:154][528]LogSlate: FSceneViewport::OnFocusLost() reason 0
[2021.01.28-00.01.41:741][833]LogNavigationPoint: PostEditMove Clear paths rebuilt
[2021.01.28-00.01.42:437][913]LogSlate: FSceneViewport::OnFocusLost() reason 0
[2021.01.28-00.01.42:545][926]LogTemp: Repeating last play command: Selected Viewport
[2021.01.28-00.01.42:565][926]LogPlayLevel: PlayLevel: No blueprints needed recompiling
[2021.01.28-00.01.42:565][926]PIE: New page: PIE session: MainLevel (28 sty 2021, 02:01:42)
[2021.01.28-00.01.42:565][926]LogPlayLevel: Creating play world package: /Game/Levels/UEDPIE_0_MainLevel
[2021.01.28-00.01.42:570][926]LogPlayLevel: PIE: StaticDuplicateObject took: (0.004859s)
[2021.01.28-00.01.42:571][926]LogAIModule: Creating AISystem for world MainLevel
[2021.01.28-00.01.42:571][926]LogPlayLevel: PIE: World Init took: (0.000753s)
[2021.01.28-00.01.42:571][926]LogPlayLevel: PIE: Created PIE world by copying editor world from /Game/Levels/MainLevel.MainLevel to /Game/Levels/UEDPIE_0_MainLevel.MainLevel (0.005742s)
[2021.01.28-00.01.42:645][926]LogInit: XAudio2 using 'Zestaw słuchawkowy (Arctis 5 Chat)' : 2 channels at 48 kHz using 16 bits per sample (channel mask 0x3)
[2021.01.28-00.01.42:658][926]LogInit: FAudioDevice initialized.
[2021.01.28-00.01.42:693][926]LogLoad: Game class is 'BP_GameMode_C'
[2021.01.28-00.01.42:694][926]LogWorld: Bringing World /Game/Levels/UEDPIE_0_MainLevel.MainLevel up for play (max tick rate 0) at 2021.01.28-01.01.42
[2021.01.28-00.01.42:695][926]LogWorld: Bringing up level for play took: 0.001228
[2021.01.28-00.01.42:707][926]PIE: Play in editor start time for /Game/Levels/UEDPIE_0_MainLevel -0,304
[2021.01.28-00.01.52:619][112]LogSlate: Updating window title bar state: overlay mode, drag disabled, window buttons hidden, title bar hidden
[2021.01.28-00.01.52:653][112]LogPlayLevel: Display: Shutting down PIE online subsystems
[2021.01.28-00.01.52:695][112]LogSlate: Updating window title bar state: overlay mode, drag disabled, window buttons hidden, title bar hidden
[2021.01.28-00.01.52:729][114]LogPlayLevel: Display: Destroying online subsystem :Context_17
[2021.01.28-00.02.16:121][895]LogSlate: FSceneViewport::OnFocusLost() reason 0
[2021.01.28-00.02.24:030][830]BlueprintLog: New page: Compile BP_PlayerPawn
[2021.01.28-00.02.24:863][904]LogTemp: Repeating last play command: Selected Viewport
[2021.01.28-00.02.24:878][904]LogPlayLevel: PlayLevel: No blueprints needed recompiling
[2021.01.28-00.02.24:878][904]PIE: New page: PIE session: MainLevel (28 sty 2021, 02:02:24)
[2021.01.28-00.02.24:878][904]LogPlayLevel: Creating play world package: /Game/Levels/UEDPIE_0_MainLevel
[2021.01.28-00.02.24:884][904]LogPlayLevel: PIE: StaticDuplicateObject took: (0.006373s)
[2021.01.28-00.02.24:885][904]LogAIModule: Creating AISystem for world MainLevel
[2021.01.28-00.02.24:885][904]LogPlayLevel: PIE: World Init took: (0.000702s)
[2021.01.28-00.02.24:885][904]LogPlayLevel: PIE: Created PIE world by copying editor world from /Game/Levels/MainLevel.MainLevel to /Game/Levels/UEDPIE_0_MainLevel.MainLevel (0.007213s)
[2021.01.28-00.02.24:954][904]LogInit: XAudio2 using 'Zestaw słuchawkowy (Arctis 5 Chat)' : 2 channels at 48 kHz using 16 bits per sample (channel mask 0x3)
[2021.01.28-00.02.24:967][904]LogInit: FAudioDevice initialized.
[2021.01.28-00.02.24:982][904]LogSlate: Updating window title bar state: overlay mode, drag disabled, window buttons hidden, title bar hidden
[2021.01.28-00.02.25:023][904]LogLoad: Game class is 'BP_GameMode_C'
[2021.01.28-00.02.25:024][904]LogWorld: Bringing World /Game/Levels/UEDPIE_0_MainLevel.MainLevel up for play (max tick rate 0) at 2021.01.28-01.02.25
[2021.01.28-00.02.25:024][904]LogWorld: Bringing up level for play took: 0.001283
[2021.01.28-00.02.25:040][904]PIE: Play in editor start time for /Game/Levels/UEDPIE_0_MainLevel 0,029
[2021.01.28-00.02.34:163][990]LogSlate: Updating window title bar state: overlay mode, drag disabled, window buttons hidden, title bar hidden
[2021.01.28-00.02.34:173][990]LogSlate: Window 'P2OlimpiaRopek Game Preview Standalone (64-bit/PCD3D_SM5)' being destroyed
[2021.01.28-00.02.34:204][990]LogPlayLevel: Display: Shutting down PIE online subsystems
[2021.01.28-00.02.34:269][992]LogPlayLevel: Display: Destroying online subsystem :Context_18
[2021.01.28-00.06.26:855][870]LogTemp: Repeating last play command: Selected Viewport
[2021.01.28-00.06.26:872][870]BlueprintLog: New page: Pre-Play auto-recompile
[2021.01.28-00.06.26:873][870]LogPlayLevel: [PlayLevel] Compiling BP_PlayerPawn before play...
[2021.01.28-00.06.27:042][870]LogPlayLevel: PlayLevel: Blueprint regeneration took 170 ms (1 blueprints)
[2021.01.28-00.06.27:042][870]PIE: New page: PIE session: MainLevel (28 sty 2021, 02:06:27)
[2021.01.28-00.06.27:042][870]LogPlayLevel: Creating play world package: /Game/Levels/UEDPIE_0_MainLevel
[2021.01.28-00.06.27:047][870]LogPlayLevel: PIE: StaticDuplicateObject took: (0.004554s)
[2021.01.28-00.06.27:047][870]LogAIModule: Creating AISystem for world MainLevel
[2021.01.28-00.06.27:048][870]LogPlayLevel: PIE: World Init took: (0.000741s)
[2021.01.28-00.06.27:048][870]LogPlayLevel: PIE: Created PIE world by copying editor world from /Game/Levels/MainLevel.MainLevel to /Game/Levels/UEDPIE_0_MainLevel.MainLevel (0.005433s)
[2021.01.28-00.06.27:122][870]LogInit: XAudio2 using 'Zestaw słuchawkowy (Arctis 5 Chat)' : 2 channels at 48 kHz using 16 bits per sample (channel mask 0x3)
[2021.01.28-00.06.27:135][870]LogInit: FAudioDevice initialized.
[2021.01.28-00.06.27:150][870]LogSlate: Updating window title bar state: overlay mode, drag disabled, window buttons hidden, title bar hidden
[2021.01.28-00.06.27:190][870]LogLoad: Game class is 'BP_GameMode_C'
[2021.01.28-00.06.27:191][870]LogWorld: Bringing World /Game/Levels/UEDPIE_0_MainLevel.MainLevel up for play (max tick rate 0) at 2021.01.28-01.06.27
[2021.01.28-00.06.27:191][870]LogWorld: Bringing up level for play took: 0.001177
[2021.01.28-00.06.27:206][870]PIE: Play in editor start time for /Game/Levels/UEDPIE_0_MainLevel 0,195
[2021.01.28-00.06.38:251][186]LogSlate: Updating window title bar state: overlay mode, drag disabled, window buttons hidden, title bar hidden
[2021.01.28-00.06.38:261][186]LogSlate: Window 'P2OlimpiaRopek Game Preview Standalone (64-bit/PCD3D_SM5)' being destroyed
[2021.01.28-00.06.38:296][186]LogPlayLevel: Display: Shutting down PIE online subsystems
[2021.01.28-00.06.38:363][188]LogPlayLevel: Display: Destroying online subsystem :Context_19
[2021.01.28-00.06.58:815][612]LogSlate: FSceneViewport::OnFocusLost() reason 0
[2021.01.28-00.07.15:129][555]LogEditorTransaction: Undo Modify Component(s)
[2021.01.28-00.07.20:079][131]LogSlate: FSceneViewport::OnFocusLost() reason 0
[2021.01.28-00.07.47:687][424]LogSlate: FSceneViewport::OnFocusLost() reason 0
[2021.01.28-00.07.53:427][104]BlueprintLog: New page: Compile BP_PlayerPawn
[2021.01.28-00.07.54:147][158]LogTemp: Repeating last play command: Selected Viewport
[2021.01.28-00.07.54:162][158]LogPlayLevel: PlayLevel: No blueprints needed recompiling
[2021.01.28-00.07.54:163][158]PIE: New page: PIE session: MainLevel (28 sty 2021, 02:07:54)
[2021.01.28-00.07.54:163][158]LogPlayLevel: Creating play world package: /Game/Levels/UEDPIE_0_MainLevel
[2021.01.28-00.07.54:167][158]LogPlayLevel: PIE: StaticDuplicateObject took: (0.004510s)
[2021.01.28-00.07.54:168][158]LogAIModule: Creating AISystem for world MainLevel
[2021.01.28-00.07.54:168][158]LogPlayLevel: PIE: World Init took: (0.000655s)
[2021.01.28-00.07.54:168][158]LogPlayLevel: PIE: Created PIE world by copying editor world from /Game/Levels/MainLevel.MainLevel to /Game/Levels/UEDPIE_0_MainLevel.MainLevel (0.005289s)
[2021.01.28-00.07.54:242][158]LogInit: XAudio2 using 'Zestaw słuchawkowy (Arctis 5 Chat)' : 2 channels at 48 kHz using 16 bits per sample (channel mask 0x3)
[2021.01.28-00.07.54:255][158]LogInit: FAudioDevice initialized.
[2021.01.28-00.07.54:270][158]LogSlate: Updating window title bar state: overlay mode, drag disabled, window buttons hidden, title bar hidden
[2021.01.28-00.07.54:312][158]LogLoad: Game class is 'BP_GameMode_C'
[2021.01.28-00.07.54:313][158]LogWorld: Bringing World /Game/Levels/UEDPIE_0_MainLevel.MainLevel up for play (max tick rate 0) at 2021.01.28-01.07.54
[2021.01.28-00.07.54:313][158]LogWorld: Bringing up level for play took: 0.001150
[2021.01.28-00.07.54:328][158]PIE: Play in editor start time for /Game/Levels/UEDPIE_0_MainLevel -0,683
[2021.01.28-00.08.03:710][245]LogSlate: Updating window title bar state: overlay mode, drag disabled, window buttons hidden, title bar hidden
[2021.01.28-00.08.03:720][245]LogSlate: Window 'P2OlimpiaRopek Game Preview Standalone (64-bit/PCD3D_SM5)' being destroyed
[2021.01.28-00.08.03:752][245]LogPlayLevel: Display: Shutting down PIE online subsystems
[2021.01.28-00.08.03:812][247]LogPlayLevel: Display: Destroying online subsystem :Context_20
[2021.01.28-00.08.16:335][738]LogEditorTransaction: Undo Set Rotation
[2021.01.28-00.08.18:648][  0]LogSlate: FSceneViewport::OnFocusLost() reason 0
[2021.01.28-00.08.22:366][441]LogTemp: Repeating last play command: Selected Viewport
[2021.01.28-00.08.22:382][441]BlueprintLog: New page: Pre-Play auto-recompile
[2021.01.28-00.08.22:384][441]LogPlayLevel: [PlayLevel] Compiling BP_PlayerPawn before play...
[2021.01.28-00.08.22:552][441]LogPlayLevel: PlayLevel: Blueprint regeneration took 170 ms (1 blueprints)
[2021.01.28-00.08.22:552][441]PIE: New page: PIE session: MainLevel (28 sty 2021, 02:08:22)
[2021.01.28-00.08.22:552][441]LogPlayLevel: Creating play world package: /Game/Levels/UEDPIE_0_MainLevel
[2021.01.28-00.08.22:556][441]LogPlayLevel: PIE: StaticDuplicateObject took: (0.004408s)
[2021.01.28-00.08.22:557][441]LogAIModule: Creating AISystem for world MainLevel
[2021.01.28-00.08.22:557][441]LogPlayLevel: PIE: World Init took: (0.000660s)
[2021.01.28-00.08.22:557][441]LogPlayLevel: PIE: Created PIE world by copying editor world from /Game/Levels/MainLevel.MainLevel to /Game/Levels/UEDPIE_0_MainLevel.MainLevel (0.005194s)
[2021.01.28-00.08.22:624][441]LogInit: XAudio2 using 'Zestaw słuchawkowy (Arctis 5 Chat)' : 2 channels at 48 kHz using 16 bits per sample (channel mask 0x3)
[2021.01.28-00.08.22:636][441]LogInit: FAudioDevice initialized.
[2021.01.28-00.08.22:651][441]LogSlate: Updating window title bar state: overlay mode, drag disabled, window buttons hidden, title bar hidden
[2021.01.28-00.08.22:692][441]LogLoad: Game class is 'BP_GameMode_C'
[2021.01.28-00.08.22:693][441]LogWorld: Bringing World /Game/Levels/UEDPIE_0_MainLevel.MainLevel up for play (max tick rate 0) at 2021.01.28-01.08.22
[2021.01.28-00.08.22:694][441]LogWorld: Bringing up level for play took: 0.001157
[2021.01.28-00.08.22:708][441]PIE: Play in editor start time for /Game/Levels/UEDPIE_0_MainLevel -0,303
[2021.01.28-00.08.27:163][961]LogSlate: Updating window title bar state: overlay mode, drag disabled, window buttons hidden, title bar hidden
[2021.01.28-00.08.27:173][961]LogSlate: Window 'P2OlimpiaRopek Game Preview Standalone (64-bit/PCD3D_SM5)' being destroyed
[2021.01.28-00.08.27:204][961]LogPlayLevel: Display: Shutting down PIE online subsystems
[2021.01.28-00.08.27:272][963]LogPlayLevel: Display: Destroying online subsystem :Context_21
[2021.01.28-00.08.32:690][571]LogSlate: FSceneViewport::OnFocusLost() reason 0
[2021.01.28-00.09.01:301][236]LogSavePackage: Moving '../../../../../../Użytkownicy/Żeberka/!V rok/silniki gierr/Projekt _2/P2OlimpiaRopek/Saved/MainLevel_Auto24E32C6E64B6ACFA349DC3A849327A495.tmp' to '../../../../../../Użytkownicy/Żeberka/!V rok/silniki gierr/Projekt _2/P2OlimpiaRopek/Saved/Autosaves/Game/Levels/MainLevel_Auto2.umap'
[2021.01.28-00.09.01:304][236]LogFileHelpers: Editor autosave (incl. sublevels) for '/Game/Levels/MainLevel' took 0.086
[2021.01.28-00.09.01:304][236]LogFileHelpers: Editor autosave (incl. sublevels) for all levels took 0.086
[2021.01.28-00.09.01:305][236]OBJ SavePackage: Generating thumbnails for [1] asset(s) in package [/Game/Blueprints/BP_PlayerPawn] ([1] browsable assets)...
[2021.01.28-00.09.01:318][236]OBJ SavePackage:     Rendered thumbnail for [Blueprint /Game/Blueprints/BP_PlayerPawn.BP_PlayerPawn]
[2021.01.28-00.09.01:318][236]OBJ SavePackage: Finished generating thumbnails for package [/Game/Blueprints/BP_PlayerPawn]
[2021.01.28-00.09.01:339][236]LogSavePackage: Moving '../../../../../../Użytkownicy/Żeberka/!V rok/silniki gierr/Projekt _2/P2OlimpiaRopek/Saved/BP_PlayerPawn_Auto2BB56E6044E778FE288F1C3A21CE61FF0.tmp' to '../../../../../../Użytkownicy/Żeberka/!V rok/silniki gierr/Projekt _2/P2OlimpiaRopek/Saved/Autosaves/Game/Blueprints/BP_PlayerPawn_Auto2.uasset'
[2021.01.28-00.09.01:340][236]LogFileHelpers: Auto-saving content packages took 0.035
[2021.01.28-00.11.24:191][665]LogSlate: FSceneViewport::OnFocusLost() reason 2
[2021.01.28-00.15.36:863][ 81]LogSlate: Only BGRA pngs, bmps or icos are supported in by External Image Picker
[2021.01.28-00.15.36:942][ 82]LogTemp: Executing iPhonePackager certificates Engine -bundlename com.YourCompany.P2OlimpiaRopek
[2021.01.28-00.15.36:942][ 82]LogTemp: CWD: D:\Program Files\Epic Games\UE_4.20\Engine\Binaries\DotNET\IOS
[2021.01.28-00.15.36:942][ 82]LogTemp: Initial Dir: D:\Program Files\Epic Games\UE_4.20
[2021.01.28-00.15.36:942][ 82]LogTemp: Env CWD: D:\Program Files\Epic Games\UE_4.20\Engine\Binaries\DotNET\IOS
[2021.01.28-00.15.36:942][ 82]LogTemp: BranchPath = DESKTOP-K8UO9K4/D/Program Files/Epic Games/UE_4.20/Engine/Binaries --- GameBranchPath = DESKTOP-K8UO9K4/D/Program Files/Epic Games/UE_4.20/Engine/Binaries
[2021.01.28-00.15.36:952][ 82]LogTemp: IPP ERROR: Could not find provision directory 'C:\Users\Kark?wka\AppData\Local/Apple Computer/MobileDevice/Provisioning Profiles/'.
[2021.01.28-00.17.22:677][625]LogSlate: Window 'Project Settings' being destroyed
[2021.01.28-00.17.22:684][625]LogSlate: Window 'Project Settings' being destroyed
[2021.01.28-00.17.48:469][931]LogSlate: Window 'Pick Parent Class' being destroyed
[2021.01.28-00.23.19:042][796]LogSlate: Only BGRA pngs, bmps or icos are supported in by External Image Picker
[2021.01.28-00.23.19:126][798]LogTemp: Executing iPhonePackager certificates Engine -bundlename com.YourCompany.P2OlimpiaRopek
[2021.01.28-00.23.19:126][798]LogTemp: CWD: D:\Program Files\Epic Games\UE_4.20\Engine\Binaries\DotNET\IOS
[2021.01.28-00.23.19:126][798]LogTemp: Initial Dir: D:\Program Files\Epic Games\UE_4.20
[2021.01.28-00.23.19:126][798]LogTemp: Env CWD: D:\Program Files\Epic Games\UE_4.20\Engine\Binaries\DotNET\IOS
[2021.01.28-00.23.19:126][798]LogTemp: BranchPath = DESKTOP-K8UO9K4/D/Program Files/Epic Games/UE_4.20/Engine/Binaries --- GameBranchPath = DESKTOP-K8UO9K4/D/Program Files/Epic Games/UE_4.20/Engine/Binaries
[2021.01.28-00.23.19:148][799]LogTemp: IPP ERROR: Could not find provision directory 'C:\Users\Kark?wka\AppData\Local/Apple Computer/MobileDevice/Provisioning Profiles/'.
[2021.01.28-00.25.10:183][219]LogSlate: Window 'Project Settings' being destroyed
[2021.01.28-00.26.22:304][158]LogSlate: Only BGRA pngs, bmps or icos are supported in by External Image Picker
[2021.01.28-00.26.22:390][160]LogTemp: Executing iPhonePackager certificates Engine -bundlename com.YourCompany.P2OlimpiaRopek
[2021.01.28-00.26.22:390][160]LogTemp: CWD: D:\Program Files\Epic Games\UE_4.20\Engine\Binaries\DotNET\IOS
[2021.01.28-00.26.22:390][160]LogTemp: Initial Dir: D:\Program Files\Epic Games\UE_4.20
[2021.01.28-00.26.22:390][160]LogTemp: Env CWD: D:\Program Files\Epic Games\UE_4.20\Engine\Binaries\DotNET\IOS
[2021.01.28-00.26.22:390][160]LogTemp: BranchPath = DESKTOP-K8UO9K4/D/Program Files/Epic Games/UE_4.20/Engine/Binaries --- GameBranchPath = DESKTOP-K8UO9K4/D/Program Files/Epic Games/UE_4.20/Engine/Binaries
[2021.01.28-00.26.22:390][160]LogTemp: IPP ERROR: Could not find provision directory 'C:\Users\Kark?wka\AppData\Local/Apple Computer/MobileDevice/Provisioning Profiles/'.
[2021.01.28-00.27.12:723][108]LogSlate: Window 'Project Settings' being destroyed
[2021.01.28-00.27.12:728][108]LogSlate: Window 'Project Settings' being destroyed
[2021.01.28-00.27.56:143][831]LogFileHelpers: Editor autosave (incl. sublevels) for '/Game/Levels/MainLevel' took 0.039
[2021.01.28-00.27.56:145][831]OBJ SavePackage: Generating thumbnails for [1] asset(s) in package [/Game/Blueprints/BP_PlayerPawn] ([1] browsable assets)...
[2021.01.28-00.27.56:161][831]OBJ SavePackage:     Rendered thumbnail for [Blueprint /Game/Blueprints/BP_PlayerPawn.BP_PlayerPawn]
[2021.01.28-00.27.56:161][831]OBJ SavePackage: Finished generating thumbnails for package [/Game/Blueprints/BP_PlayerPawn]
[2021.01.28-00.27.56:182][831]LogSavePackage: Moving '../../../../../../Użytkownicy/Żeberka/!V rok/silniki gierr/Projekt _2/P2OlimpiaRopek/Saved/BP_PlayerPawn_Auto30313461D4E3EDC298343C9A847E685F7.tmp' to '../../../../../../Użytkownicy/Żeberka/!V rok/silniki gierr/Projekt _2/P2OlimpiaRopek/Saved/Autosaves/Game/Blueprints/BP_PlayerPawn_Auto3.uasset'
[2021.01.28-00.27.56:183][831]LogFileHelpers: Auto-saving content packages took 0.039
[2021.01.28-00.28.05:081][858]BlueprintLog: New page: Compile BP_PlayerPawn
[2021.01.28-00.28.06:535][  9]LogTemp: Repeating last play command: Selected Viewport
[2021.01.28-00.28.06:551][  9]LogPlayLevel: PlayLevel: No blueprints needed recompiling
[2021.01.28-00.28.06:551][  9]PIE: New page: PIE session: MainLevel (28 sty 2021, 02:28:06)
[2021.01.28-00.28.06:551][  9]LogPlayLevel: Creating play world package: /Game/Levels/UEDPIE_0_MainLevel
[2021.01.28-00.28.06:556][  9]LogPlayLevel: PIE: StaticDuplicateObject took: (0.004436s)
[2021.01.28-00.28.06:556][  9]LogAIModule: Creating AISystem for world MainLevel
[2021.01.28-00.28.06:556][  9]LogPlayLevel: PIE: World Init took: (0.000730s)
[2021.01.28-00.28.06:556][  9]LogPlayLevel: PIE: Created PIE world by copying editor world from /Game/Levels/MainLevel.MainLevel to /Game/Levels/UEDPIE_0_MainLevel.MainLevel (0.005294s)
[2021.01.28-00.28.06:628][  9]LogInit: XAudio2 using 'Zestaw słuchawkowy (Arctis 5 Chat)' : 2 channels at 48 kHz using 16 bits per sample (channel mask 0x3)
[2021.01.28-00.28.06:642][  9]LogInit: FAudioDevice initialized.
[2021.01.28-00.28.06:657][  9]LogSlate: Updating window title bar state: overlay mode, drag disabled, window buttons hidden, title bar hidden
[2021.01.28-00.28.06:697][  9]LogLoad: Game class is 'BP_GameMode_C'
[2021.01.28-00.28.06:699][  9]LogWorld: Bringing World /Game/Levels/UEDPIE_0_MainLevel.MainLevel up for play (max tick rate 0) at 2021.01.28-01.28.06
[2021.01.28-00.28.06:699][  9]LogWorld: Bringing up level for play took: 0.001139
[2021.01.28-00.28.06:713][  9]PIE: Play in editor start time for /Game/Levels/UEDPIE_0_MainLevel -0,298
[2021.01.28-00.28.10:439][451]LogSlate: Updating window title bar state: overlay mode, drag disabled, window buttons hidden, title bar hidden
[2021.01.28-00.28.10:449][451]LogSlate: Window 'P2OlimpiaRopek Game Preview Standalone (64-bit/PCD3D_SM5)' being destroyed
[2021.01.28-00.28.10:482][451]LogPlayLevel: Display: Shutting down PIE online subsystems
[2021.01.28-00.28.10:543][452]LogPlayLevel: Display: Destroying online subsystem :Context_22
[2021.01.28-00.30.53:126][600]LogSlate: Only BGRA pngs, bmps or icos are supported in by External Image Picker
[2021.01.28-00.30.53:204][602]LogTemp: Executing iPhonePackager certificates Engine -bundlename com.YourCompany.P2OlimpiaRopek
[2021.01.28-00.30.53:205][602]LogTemp: CWD: D:\Program Files\Epic Games\UE_4.20\Engine\Binaries\DotNET\IOS
[2021.01.28-00.30.53:205][602]LogTemp: Initial Dir: D:\Program Files\Epic Games\UE_4.20
[2021.01.28-00.30.53:205][602]LogTemp: Env CWD: D:\Program Files\Epic Games\UE_4.20\Engine\Binaries\DotNET\IOS
[2021.01.28-00.30.53:205][602]LogTemp: BranchPath = DESKTOP-K8UO9K4/D/Program Files/Epic Games/UE_4.20/Engine/Binaries --- GameBranchPath = DESKTOP-K8UO9K4/D/Program Files/Epic Games/UE_4.20/Engine/Binaries
[2021.01.28-00.30.53:216][603]LogTemp: IPP ERROR: Could not find provision directory 'C:\Users\Kark?wka\AppData\Local/Apple Computer/MobileDevice/Provisioning Profiles/'.
[2021.01.28-00.32.03:497][641]LogSlate: Window 'Project Settings' being destroyed
[2021.01.28-00.32.03:502][641]LogSlate: Window 'Project Settings' being destroyed
[2021.01.28-00.32.05:202][841]LogEditorViewport: Clicking on Actor (LMB): BP_Crystal_C (BP_Crystal)
[2021.01.28-00.32.06:774][ 21]LogSlate: FSceneViewport::OnFocusLost() reason 0
[2021.01.28-00.37.21:877][623]LogSavePackage: Moving '../../../../../../Użytkownicy/Żeberka/!V rok/silniki gierr/Projekt _2/P2OlimpiaRopek/Saved/BP_PlayerPawnD6E62A6542083AD082BAFFB376495E29.tmp' to '../../../../../../Użytkownicy/Żeberka/!V rok/silniki gierr/Projekt _2/P2OlimpiaRopek/Content/Blueprints/BP_PlayerPawn.uasset'
